1/9/2022, 1:39:32 PM - INFO - Server is running on port: 3030
1/9/2022, 1:40:45 PM - INFO - Server is running on port: 3030
1/9/2022, 1:40:47 PM - INFO - Req!!!
1/9/2022, 1:40:49 PM - INFO - Req!!!
1/9/2022, 1:40:50 PM - INFO - Req!!!
1/9/2022, 1:41:04 PM - DEBUG - auth.service - login with username: admin
1/9/2022, 1:41:04 PM - ERROR - Failed to Login Invalid username or password
1/9/2022, 1:41:19 PM - INFO - Req!!!
1/9/2022, 1:41:19 PM - INFO - Req!!!
1/9/2022, 1:41:19 PM - INFO - Req!!!
1/9/2022, 1:41:20 PM - INFO - Req!!!
1/9/2022, 1:41:21 PM - INFO - Req!!!
1/9/2022, 1:41:21 PM - INFO - Req!!!
1/9/2022, 1:41:21 PM - INFO - Req!!!
1/9/2022, 1:41:25 PM - DEBUG - auth.service - login with username: admin
1/9/2022, 1:41:25 PM - ERROR - Failed to Login Invalid username or password
1/9/2022, 1:41:30 PM - INFO - Req!!!
1/9/2022, 1:41:30 PM - INFO - Req!!!
1/9/2022, 1:41:30 PM - INFO - Req!!!
1/9/2022, 1:41:39 PM - INFO - Req!!!
1/9/2022, 1:41:40 PM - INFO - Req!!!
1/9/2022, 1:41:44 PM - INFO - Req!!!
1/9/2022, 1:41:46 PM - INFO - Req!!!
1/9/2022, 1:41:49 PM - INFO - Req!!!
1/9/2022, 1:41:57 PM - DEBUG - admin, admin, admin
1/9/2022, 1:41:57 PM - DEBUG - auth.service - signup with username: admin, fullname: admin
1/9/2022, 1:41:57 PM - DEBUG - auth.route - new account created: {"username":"admin","password":"$2b$10$EUVObac6uKRk7NWAKgIzyuKx5CzU0peQEQJlg.RF91GS.MNaZY2PG","fullname":"admin","score":0,"_id":"61daca05e92d4ad1609f65aa"}
1/9/2022, 1:41:57 PM - DEBUG - auth.service - login with username: admin
1/9/2022, 1:41:57 PM - INFO - Req!!!
1/9/2022, 1:41:57 PM - INFO - Req from: admin
1/9/2022, 1:41:57 PM - INFO - Req!!!
1/9/2022, 1:41:57 PM - INFO - Req from: admin
1/9/2022, 1:41:58 PM - INFO - Req!!!
1/9/2022, 1:41:58 PM - INFO - Req from: admin
1/9/2022, 1:42:02 PM - INFO - Req!!!
1/9/2022, 1:42:02 PM - INFO - Req from: admin
1/9/2022, 1:42:02 PM - INFO - Req!!!
1/9/2022, 1:42:02 PM - INFO - Req from: admin
1/9/2022, 1:42:03 PM - INFO - Req!!!
1/9/2022, 1:42:03 PM - INFO - Req from: admin
1/9/2022, 1:42:09 PM - DEBUG - auth.service - login with username: admin
1/9/2022, 1:42:10 PM - INFO - Req!!!
1/9/2022, 1:42:10 PM - INFO - Req from: admin
1/9/2022, 1:42:10 PM - INFO - Req!!!
1/9/2022, 1:42:10 PM - INFO - Req from: admin
1/9/2022, 1:42:10 PM - INFO - Req!!!
1/9/2022, 1:42:10 PM - INFO - Req from: admin
1/9/2022, 1:42:56 PM - INFO - Server is running on port: 3030
1/9/2022, 1:43:22 PM - INFO - Server is running on port: 3030
1/9/2022, 1:43:25 PM - INFO - Server is running on port: 3030
1/9/2022, 1:44:01 PM - INFO - Server is running on port: 3030
1/12/2022, 6:24:20 PM - INFO - Server is running on port: 3030
1/12/2022, 6:24:33 PM - INFO - Server is running on port: 3030
1/12/2022, 6:25:02 PM - INFO - Req!!!
1/12/2022, 6:25:04 PM - INFO - Req!!!
1/12/2022, 6:25:04 PM - INFO - Req!!!
1/12/2022, 6:25:12 PM - INFO - Req!!!
1/12/2022, 6:25:12 PM - INFO - Req!!!
1/12/2022, 6:25:12 PM - INFO - Req!!!
1/12/2022, 6:25:26 PM - INFO - Req!!!
1/12/2022, 6:25:27 PM - INFO - Req!!!
1/12/2022, 6:25:27 PM - INFO - Req!!!
1/12/2022, 6:25:58 PM - INFO - Req!!!
1/12/2022, 6:25:58 PM - INFO - Req!!!
1/12/2022, 6:25:59 PM - INFO - Req!!!
1/12/2022, 6:26:15 PM - INFO - Req!!!
1/12/2022, 6:26:43 PM - DEBUG - auth.service - login with username: admin@admin.com
1/12/2022, 6:26:43 PM - ERROR - Failed to Login Invalid username or password
1/12/2022, 6:26:54 PM - INFO - Req!!!
1/12/2022, 6:26:54 PM - INFO - Req!!!
1/12/2022, 6:26:55 PM - INFO - Req!!!
1/12/2022, 6:26:56 PM - INFO - Req!!!
1/12/2022, 6:26:58 PM - DEBUG - auth.service - login with username: admin@admin.com
1/12/2022, 6:26:58 PM - ERROR - Failed to Login Invalid username or password
1/12/2022, 6:27:02 PM - INFO - Req!!!
1/12/2022, 6:27:02 PM - INFO - Req!!!
1/12/2022, 6:27:02 PM - INFO - Req!!!
1/12/2022, 6:27:30 PM - DEBUG - admin, admin@admin.com, admin
1/12/2022, 6:27:30 PM - DEBUG - auth.service - signup with username: admin@admin.com, fullname: admin
1/12/2022, 6:27:30 PM - DEBUG - auth.route - new account created: {"username":"admin@admin.com","password":"$2b$10$JBfLAEhh71q74EeR6UnxVO6uQswZcgsUd2ru.2ux7uZSttFrw51wm","fullname":"admin","score":0,"_id":"61df0172c09d1120c183b9f2"}
1/12/2022, 6:27:30 PM - DEBUG - auth.service - login with username: admin@admin.com
1/12/2022, 6:27:30 PM - INFO - Req!!!
1/12/2022, 6:27:30 PM - INFO - Req from: admin
1/12/2022, 6:27:31 PM - INFO - Req!!!
1/12/2022, 6:27:31 PM - INFO - Req from: admin
1/12/2022, 6:27:31 PM - INFO - Req!!!
1/12/2022, 6:27:31 PM - INFO - Req from: admin
1/12/2022, 6:27:36 PM - INFO - Req!!!
1/12/2022, 6:27:36 PM - INFO - Req from: admin
1/12/2022, 6:27:40 PM - INFO - Req!!!
1/12/2022, 6:27:40 PM - INFO - Req from: admin
1/12/2022, 6:28:06 PM - INFO - Req!!!
1/12/2022, 6:28:06 PM - INFO - Req from: admin
1/12/2022, 6:28:06 PM - INFO - Req!!!
1/12/2022, 6:28:06 PM - INFO - Req from: admin
1/12/2022, 6:28:06 PM - INFO - Req!!!
1/12/2022, 6:28:06 PM - INFO - Req from: admin
1/12/2022, 6:34:19 PM - INFO - Req!!!
1/12/2022, 6:34:19 PM - INFO - Req from: admin
1/12/2022, 6:34:19 PM - INFO - Req!!!
1/12/2022, 6:34:19 PM - INFO - Req from: admin
1/12/2022, 6:34:19 PM - INFO - Req!!!
1/12/2022, 6:34:19 PM - INFO - Req from: admin
1/12/2022, 6:34:20 PM - INFO - Req!!!
1/12/2022, 6:34:20 PM - INFO - Req from: admin
1/12/2022, 6:34:20 PM - INFO - Req!!!
1/12/2022, 6:34:20 PM - INFO - Req from: admin
1/12/2022, 6:34:21 PM - INFO - Req!!!
1/12/2022, 6:34:21 PM - INFO - Req from: admin
1/12/2022, 6:34:24 PM - INFO - Req!!!
1/12/2022, 6:34:24 PM - INFO - Req from: admin
1/12/2022, 6:34:29 PM - INFO - Req!!!
1/12/2022, 6:34:29 PM - INFO - Req from: admin
1/12/2022, 6:34:29 PM - INFO - Req!!!
1/12/2022, 6:34:29 PM - INFO - Req from: admin
1/12/2022, 6:34:29 PM - INFO - Req!!!
1/12/2022, 6:34:29 PM - INFO - Req from: admin
1/12/2022, 6:34:31 PM - INFO - Req!!!
1/12/2022, 6:34:31 PM - INFO - Req from: admin
1/12/2022, 6:35:40 PM - INFO - Req!!!
1/12/2022, 6:35:40 PM - INFO - Req from: admin
1/12/2022, 6:35:40 PM - INFO - Req!!!
1/12/2022, 6:35:40 PM - INFO - Req from: admin
1/12/2022, 6:35:41 PM - INFO - Req!!!
1/12/2022, 6:35:41 PM - INFO - Req from: admin
1/12/2022, 6:35:44 PM - INFO - Req!!!
1/12/2022, 6:35:44 PM - INFO - Req from: admin
1/12/2022, 6:35:45 PM - INFO - Req!!!
1/12/2022, 6:35:45 PM - INFO - Req from: admin
1/12/2022, 6:35:45 PM - INFO - Req!!!
1/12/2022, 6:35:45 PM - INFO - Req from: admin
1/12/2022, 6:36:10 PM - INFO - Req!!!
1/12/2022, 6:36:10 PM - INFO - Req from: admin
1/12/2022, 6:36:11 PM - INFO - Req!!!
1/12/2022, 6:36:11 PM - INFO - Req from: admin
1/12/2022, 6:36:11 PM - INFO - Req!!!
1/12/2022, 6:36:11 PM - INFO - Req from: admin
1/12/2022, 6:36:11 PM - INFO - Req!!!
1/12/2022, 6:36:11 PM - INFO - Req from: admin
1/12/2022, 6:36:12 PM - INFO - Req!!!
1/12/2022, 6:36:12 PM - INFO - Req from: admin
1/12/2022, 6:36:13 PM - INFO - Req!!!
1/12/2022, 6:36:13 PM - INFO - Req from: admin
1/12/2022, 6:36:13 PM - INFO - Req!!!
1/12/2022, 6:36:13 PM - INFO - Req from: admin
1/12/2022, 6:36:17 PM - INFO - Req!!!
1/12/2022, 6:36:17 PM - INFO - Req from: admin
1/12/2022, 6:36:18 PM - INFO - Req!!!
1/12/2022, 6:36:18 PM - INFO - Req from: admin
1/12/2022, 6:36:18 PM - INFO - Req!!!
1/12/2022, 6:36:18 PM - INFO - Req from: admin
1/12/2022, 6:36:19 PM - INFO - Req!!!
1/12/2022, 6:36:19 PM - INFO - Req from: admin
1/12/2022, 6:36:21 PM - INFO - Req!!!
1/12/2022, 6:36:21 PM - INFO - Req from: admin
1/12/2022, 6:36:25 PM - INFO - Req!!!
1/12/2022, 6:36:25 PM - INFO - Req from: admin
1/12/2022, 6:36:54 PM - INFO - Req!!!
1/12/2022, 6:36:54 PM - INFO - Req from: admin
1/12/2022, 6:36:56 PM - INFO - Req!!!
1/12/2022, 6:36:56 PM - INFO - Req from: admin
1/12/2022, 6:36:56 PM - INFO - Req!!!
1/12/2022, 6:36:56 PM - INFO - Req from: admin
1/12/2022, 6:36:56 PM - INFO - Req!!!
1/12/2022, 6:36:56 PM - INFO - Req from: admin
1/12/2022, 7:08:07 PM - DEBUG - auth.service - login with username: admin@admin.com
1/12/2022, 7:08:08 PM - INFO - Req!!!
1/12/2022, 7:08:08 PM - INFO - Req from: admin
1/12/2022, 7:08:08 PM - INFO - Req!!!
1/12/2022, 7:08:08 PM - INFO - Req from: admin
1/12/2022, 7:08:08 PM - INFO - Req!!!
1/12/2022, 7:08:08 PM - INFO - Req from: admin
1/12/2022, 7:08:12 PM - INFO - Req!!!
1/12/2022, 7:08:12 PM - INFO - Req from: admin
1/12/2022, 7:08:16 PM - INFO - Req!!!
1/12/2022, 7:08:16 PM - INFO - Req from: admin
1/12/2022, 7:08:22 PM - WARN - admin Attempt to perform admin action
1/12/2022, 7:08:26 PM - WARN - admin Attempt to perform admin action
1/12/2022, 7:08:42 PM - INFO - Req!!!
1/12/2022, 7:08:42 PM - INFO - Req from: admin
1/12/2022, 7:08:43 PM - INFO - Req!!!
1/12/2022, 7:08:43 PM - INFO - Req from: admin
1/12/2022, 7:08:43 PM - INFO - Req!!!
1/12/2022, 7:08:43 PM - INFO - Req from: admin
1/12/2022, 7:08:52 PM - INFO - Req!!!
1/12/2022, 7:08:52 PM - INFO - Req!!!
1/12/2022, 7:08:53 PM - INFO - Req!!!
1/12/2022, 7:08:56 PM - DEBUG - auth.service - login with username: admin@admin.com
1/12/2022, 7:08:57 PM - INFO - Req!!!
1/12/2022, 7:08:57 PM - INFO - Req from: admin
1/12/2022, 7:08:57 PM - INFO - Req!!!
1/12/2022, 7:08:57 PM - INFO - Req from: admin
1/12/2022, 7:08:57 PM - INFO - Req!!!
1/12/2022, 7:08:57 PM - INFO - Req from: admin
1/12/2022, 7:09:02 PM - WARN - admin Attempt to perform admin action
1/12/2022, 7:09:22 PM - INFO - Req!!!
1/12/2022, 7:09:22 PM - INFO - Req from: admin
1/12/2022, 7:09:22 PM - INFO - Req!!!
1/12/2022, 7:09:22 PM - INFO - Req from: admin
1/12/2022, 7:09:22 PM - INFO - Req!!!
1/12/2022, 7:09:22 PM - INFO - Req from: admin
1/12/2022, 7:09:35 PM - INFO - Req!!!
1/12/2022, 7:09:35 PM - INFO - Req from: admin
1/12/2022, 7:09:41 PM - INFO - Req!!!
1/12/2022, 7:09:41 PM - INFO - Req from: admin
1/12/2022, 7:09:46 PM - INFO - Req!!!
1/12/2022, 7:09:46 PM - INFO - Req from: admin
1/12/2022, 7:09:49 PM - INFO - Req!!!
1/12/2022, 7:09:49 PM - INFO - Req from: admin
1/12/2022, 7:09:51 PM - INFO - Req!!!
1/12/2022, 7:09:51 PM - INFO - Req from: admin
1/12/2022, 7:09:53 PM - INFO - Req!!!
1/12/2022, 7:09:53 PM - INFO - Req from: admin
1/12/2022, 7:09:58 PM - INFO - Req!!!
1/12/2022, 7:09:58 PM - INFO - Req from: admin
1/12/2022, 7:10:02 PM - INFO - Req!!!
1/12/2022, 7:10:02 PM - INFO - Req from: admin
1/12/2022, 7:10:06 PM - WARN - admin Attempt to perform admin action
1/12/2022, 7:10:54 PM - INFO - Server is running on port: 3030
1/12/2022, 7:14:27 PM - INFO - Server is running on port: 3030
1/12/2022, 7:15:11 PM - INFO - Server is running on port: 3030
1/12/2022, 7:15:15 PM - INFO - Req!!!
1/12/2022, 7:15:17 PM - INFO - Req!!!
1/12/2022, 7:15:17 PM - INFO - Req!!!
1/12/2022, 7:17:01 PM - INFO - Server is running on port: 3030
1/12/2022, 7:17:06 PM - INFO - Server is running on port: 3030
1/12/2022, 7:17:10 PM - INFO - Req!!!
1/12/2022, 7:17:13 PM - INFO - Req!!!
1/12/2022, 7:17:14 PM - INFO - Req!!!
1/12/2022, 7:17:16 PM - INFO - Req!!!
1/12/2022, 7:17:16 PM - INFO - Req!!!
1/12/2022, 7:17:16 PM - INFO - Req!!!
1/12/2022, 7:17:31 PM - INFO - Server is running on port: 3030
1/12/2022, 7:17:32 PM - INFO - Req!!!
1/12/2022, 7:17:33 PM - INFO - Req!!!
1/12/2022, 7:17:34 PM - INFO - Req!!!
1/12/2022, 7:18:29 PM - INFO - Req!!!
1/12/2022, 7:18:29 PM - INFO - Req!!!
1/12/2022, 7:18:30 PM - INFO - Req!!!
1/12/2022, 7:19:02 PM - INFO - Server is running on port: 3030
1/12/2022, 7:19:13 PM - INFO - Server is running on port: 3030
1/12/2022, 7:20:07 PM - INFO - Server is running on port: 3030
1/12/2022, 7:20:09 PM - INFO - Req!!!
1/12/2022, 7:20:09 PM - INFO - Req!!!
1/12/2022, 7:20:09 PM - INFO - Req!!!
1/12/2022, 7:20:17 PM - INFO - Server is running on port: 3030
1/12/2022, 7:20:19 PM - INFO - Req!!!
1/12/2022, 7:20:19 PM - INFO - Req!!!
1/12/2022, 7:20:20 PM - INFO - Req!!!
1/12/2022, 7:20:25 PM - INFO - Req!!!
1/12/2022, 7:20:39 PM - INFO - Req!!!
1/12/2022, 7:20:39 PM - INFO - Req!!!
1/12/2022, 7:20:39 PM - INFO - Req!!!
1/12/2022, 7:20:47 PM - INFO - Req!!!
1/12/2022, 7:20:47 PM - INFO - Req!!!
1/12/2022, 7:20:47 PM - INFO - Req!!!
1/12/2022, 7:20:48 PM - INFO - Req!!!
1/12/2022, 7:20:51 PM - DEBUG - auth.service - login with username: admin@admin.com
1/12/2022, 7:20:51 PM - ERROR - Failed to Login Invalid username or password
1/12/2022, 7:21:06 PM - DEBUG - admin, admin@admin.com, admin
1/12/2022, 7:21:06 PM - DEBUG - auth.service - signup with username: admin@admin.com, fullname: admin
1/12/2022, 7:21:07 PM - DEBUG - auth.route - new account created: {"username":"admin@admin.com","password":"$2b$10$XGxCFldCOe24Io1pcXH5N.dItRg6iauI3dp7JgGI7C4bFeyNZs4X2","fullname":"admin","score":0,"_id":"61df0e039d92dc2533a80a95"}
1/12/2022, 7:21:07 PM - DEBUG - auth.service - login with username: admin@admin.com
1/12/2022, 7:21:07 PM - INFO - Req!!!
1/12/2022, 7:21:07 PM - INFO - Req from: admin
1/12/2022, 7:21:07 PM - INFO - Req!!!
1/12/2022, 7:21:07 PM - INFO - Req from: admin
1/12/2022, 7:21:07 PM - INFO - Req!!!
1/12/2022, 7:21:07 PM - INFO - Req from: admin
1/12/2022, 7:21:11 PM - INFO - Req!!!
1/12/2022, 7:21:11 PM - INFO - Req from: admin
1/12/2022, 7:21:13 PM - INFO - Req!!!
1/12/2022, 7:21:13 PM - INFO - Req from: admin
1/12/2022, 7:21:15 PM - INFO - Req!!!
1/12/2022, 7:21:15 PM - INFO - Req from: admin
1/12/2022, 7:21:21 PM - INFO - Req!!!
1/12/2022, 7:21:21 PM - INFO - Req from: admin
1/12/2022, 7:21:36 PM - INFO - Req!!!
1/12/2022, 7:21:36 PM - INFO - Req from: admin
1/12/2022, 7:21:38 PM - INFO - Req!!!
1/12/2022, 7:21:38 PM - INFO - Req from: admin
1/12/2022, 7:21:40 PM - INFO - Req!!!
1/12/2022, 7:21:40 PM - INFO - Req from: admin
1/12/2022, 7:21:49 PM - INFO - Req!!!
1/12/2022, 7:21:49 PM - INFO - Req from: admin
1/12/2022, 7:21:49 PM - INFO - Req!!!
1/12/2022, 7:21:49 PM - INFO - Req from: admin
1/12/2022, 7:21:50 PM - INFO - Req!!!
1/12/2022, 7:21:50 PM - INFO - Req from: admin
1/12/2022, 7:21:59 PM - INFO - Req!!!
1/12/2022, 7:21:59 PM - INFO - Req from: admin
1/12/2022, 7:22:02 PM - INFO - Req!!!
1/12/2022, 7:22:02 PM - INFO - Req from: admin
1/12/2022, 7:23:23 PM - INFO - Req!!!
1/12/2022, 7:23:23 PM - INFO - Req from: admin
1/12/2022, 7:23:23 PM - INFO - Req!!!
1/12/2022, 7:23:23 PM - INFO - Req from: admin
1/12/2022, 7:23:23 PM - INFO - Req!!!
1/12/2022, 7:23:23 PM - INFO - Req from: admin
1/12/2022, 7:23:26 PM - INFO - Req!!!
1/12/2022, 7:23:26 PM - INFO - Req from: admin
1/12/2022, 7:23:29 PM - INFO - Req!!!
1/12/2022, 7:23:29 PM - INFO - Req from: admin
1/12/2022, 7:23:52 PM - INFO - Req!!!
1/12/2022, 7:23:52 PM - INFO - Req from: admin
1/12/2022, 7:23:52 PM - INFO - Req!!!
1/12/2022, 7:23:52 PM - INFO - Req from: admin
1/12/2022, 7:23:53 PM - INFO - Req!!!
1/12/2022, 7:23:53 PM - INFO - Req from: admin
1/12/2022, 7:23:53 PM - INFO - Req!!!
1/12/2022, 7:23:53 PM - INFO - Req from: admin
1/12/2022, 7:23:53 PM - INFO - Req!!!
1/12/2022, 7:23:53 PM - INFO - Req from: admin
1/12/2022, 7:23:54 PM - INFO - Req!!!
1/12/2022, 7:23:54 PM - INFO - Req from: admin
1/12/2022, 7:23:58 PM - INFO - Req!!!
1/12/2022, 7:23:58 PM - INFO - Req from: admin
1/12/2022, 7:23:58 PM - INFO - Req!!!
1/12/2022, 7:23:58 PM - INFO - Req from: admin
1/12/2022, 7:23:59 PM - INFO - Req!!!
1/12/2022, 7:23:59 PM - INFO - Req from: admin
1/12/2022, 7:24:15 PM - INFO - Req!!!
1/12/2022, 7:24:15 PM - INFO - Req from: admin
1/12/2022, 7:24:15 PM - INFO - Req!!!
1/12/2022, 7:24:15 PM - INFO - Req from: admin
1/12/2022, 7:24:15 PM - INFO - Req!!!
1/12/2022, 7:24:15 PM - INFO - Req from: admin
1/12/2022, 7:24:20 PM - INFO - Req!!!
1/12/2022, 7:24:20 PM - INFO - Req from: admin
1/12/2022, 7:24:26 PM - INFO - Req!!!
1/12/2022, 7:24:26 PM - INFO - Req from: admin
1/12/2022, 7:25:50 PM - INFO - Req!!!
1/12/2022, 7:25:50 PM - INFO - Req from: admin
1/12/2022, 7:25:50 PM - INFO - Req!!!
1/12/2022, 7:25:50 PM - INFO - Req from: admin
1/12/2022, 7:25:50 PM - INFO - Req!!!
1/12/2022, 7:25:50 PM - INFO - Req from: admin
1/12/2022, 7:25:53 PM - INFO - Req!!!
1/12/2022, 7:25:53 PM - INFO - Req from: admin
1/12/2022, 7:25:53 PM - INFO - Req!!!
1/12/2022, 7:25:53 PM - INFO - Req from: admin
1/12/2022, 7:25:54 PM - INFO - Req!!!
1/12/2022, 7:25:54 PM - INFO - Req from: admin
1/12/2022, 7:25:57 PM - INFO - Req!!!
1/12/2022, 7:25:57 PM - INFO - Req from: admin
1/12/2022, 7:26:00 PM - INFO - Req!!!
1/12/2022, 7:26:00 PM - INFO - Req from: admin
1/12/2022, 7:26:03 PM - INFO - Req!!!
1/12/2022, 7:26:03 PM - INFO - Req from: admin
1/12/2022, 7:26:03 PM - INFO - Req!!!
1/12/2022, 7:26:03 PM - INFO - Req from: admin
1/12/2022, 7:26:03 PM - INFO - Req!!!
1/12/2022, 7:26:03 PM - INFO - Req from: admin
1/12/2022, 7:26:05 PM - INFO - Req!!!
1/12/2022, 7:26:05 PM - INFO - Req from: admin
1/12/2022, 7:26:12 PM - INFO - Req!!!
1/12/2022, 7:26:12 PM - INFO - Req from: admin
1/12/2022, 7:26:46 PM - INFO - Req!!!
1/12/2022, 7:26:46 PM - INFO - Req from: admin
1/12/2022, 7:26:46 PM - INFO - Req!!!
1/12/2022, 7:26:46 PM - INFO - Req from: admin
1/12/2022, 7:26:46 PM - INFO - Req!!!
1/12/2022, 7:26:46 PM - INFO - Req from: admin
1/12/2022, 7:26:48 PM - INFO - Req!!!
1/12/2022, 7:26:48 PM - INFO - Req from: admin
1/12/2022, 7:26:49 PM - INFO - Req!!!
1/12/2022, 7:26:49 PM - INFO - Req from: admin
1/12/2022, 7:27:10 PM - INFO - Req!!!
1/12/2022, 7:27:10 PM - INFO - Req from: admin
1/12/2022, 7:27:10 PM - INFO - Req!!!
1/12/2022, 7:27:10 PM - INFO - Req from: admin
1/12/2022, 7:27:11 PM - INFO - Req!!!
1/12/2022, 7:27:11 PM - INFO - Req from: admin
1/12/2022, 7:27:14 PM - INFO - Req!!!
1/12/2022, 7:27:14 PM - INFO - Req from: admin
1/12/2022, 7:27:14 PM - INFO - Req!!!
1/12/2022, 7:27:14 PM - INFO - Req from: admin
1/12/2022, 7:27:15 PM - INFO - Req!!!
1/12/2022, 7:27:15 PM - INFO - Req from: admin
1/12/2022, 7:27:18 PM - INFO - Req!!!
1/12/2022, 7:27:18 PM - INFO - Req from: admin
1/12/2022, 7:27:18 PM - INFO - Req!!!
1/12/2022, 7:27:18 PM - INFO - Req from: admin
1/12/2022, 7:27:19 PM - INFO - Req!!!
1/12/2022, 7:27:19 PM - INFO - Req from: admin
1/12/2022, 7:28:20 PM - INFO - Req!!!
1/12/2022, 7:28:20 PM - INFO - Req from: admin
1/12/2022, 7:28:20 PM - INFO - Req!!!
1/12/2022, 7:28:20 PM - INFO - Req from: admin
1/12/2022, 7:28:20 PM - INFO - Req!!!
1/12/2022, 7:28:20 PM - INFO - Req from: admin
1/24/2022, 4:05:58 PM - INFO - Server is running on port: 3030
1/24/2022, 4:06:21 PM - INFO - Req!!!
1/24/2022, 4:06:21 PM - INFO - Req!!!
1/24/2022, 4:06:22 PM - INFO - Req!!!
1/24/2022, 4:06:23 PM - INFO - Req!!!
1/24/2022, 4:06:23 PM - INFO - Req!!!
1/24/2022, 4:06:23 PM - INFO - Req!!!
1/24/2022, 4:06:37 PM - INFO - Req!!!
1/24/2022, 4:06:37 PM - INFO - Req!!!
1/24/2022, 4:06:38 PM - INFO - Req!!!
1/24/2022, 4:06:47 PM - INFO - Req!!!
1/24/2022, 4:06:47 PM - INFO - Req!!!
1/24/2022, 4:06:47 PM - INFO - Req!!!
1/24/2022, 4:07:57 PM - INFO - Req!!!
1/24/2022, 4:07:57 PM - INFO - Req!!!
1/24/2022, 4:07:57 PM - INFO - Req!!!
1/24/2022, 4:08:03 PM - INFO - Req!!!
1/24/2022, 4:08:03 PM - INFO - Req!!!
1/24/2022, 4:08:03 PM - INFO - Req!!!
1/24/2022, 4:08:22 PM - INFO - Req!!!
1/24/2022, 4:08:22 PM - INFO - Req!!!
1/24/2022, 4:08:22 PM - INFO - Req!!!
1/24/2022, 4:08:29 PM - INFO - Req!!!
1/24/2022, 4:08:29 PM - INFO - Req!!!
1/24/2022, 4:08:29 PM - INFO - Req!!!
1/24/2022, 4:08:34 PM - INFO - Req!!!
1/24/2022, 4:08:34 PM - INFO - Req!!!
1/24/2022, 4:08:34 PM - INFO - Req!!!
1/24/2022, 4:08:40 PM - INFO - Req!!!
1/24/2022, 4:08:40 PM - INFO - Req!!!
1/24/2022, 4:08:41 PM - INFO - Req!!!
1/24/2022, 4:08:47 PM - INFO - Req!!!
1/24/2022, 4:08:47 PM - INFO - Req!!!
1/24/2022, 4:08:47 PM - INFO - Req!!!
1/24/2022, 4:09:01 PM - INFO - Req!!!
1/24/2022, 4:09:01 PM - INFO - Req!!!
1/24/2022, 4:09:01 PM - INFO - Req!!!
1/24/2022, 4:09:57 PM - INFO - Req!!!
1/24/2022, 4:09:57 PM - INFO - Req!!!
1/24/2022, 4:09:58 PM - INFO - Req!!!
1/24/2022, 4:10:59 PM - INFO - Req!!!
1/24/2022, 4:10:59 PM - INFO - Req!!!
1/24/2022, 4:10:59 PM - INFO - Req!!!
1/24/2022, 4:11:08 PM - INFO - Req!!!
1/24/2022, 4:11:08 PM - INFO - Req!!!
1/24/2022, 4:11:08 PM - INFO - Req!!!
1/24/2022, 4:11:10 PM - INFO - Req!!!
1/24/2022, 4:11:10 PM - INFO - Req!!!
1/24/2022, 4:11:11 PM - INFO - Req!!!
1/24/2022, 4:11:15 PM - INFO - Req!!!
1/24/2022, 4:11:15 PM - INFO - Req!!!
1/24/2022, 4:11:15 PM - INFO - Req!!!
1/24/2022, 4:11:35 PM - INFO - Req!!!
1/24/2022, 4:11:35 PM - INFO - Req!!!
1/24/2022, 4:11:35 PM - INFO - Req!!!
1/24/2022, 4:11:52 PM - INFO - Req!!!
1/24/2022, 4:11:52 PM - INFO - Req!!!
1/24/2022, 4:11:53 PM - INFO - Req!!!
1/24/2022, 4:11:57 PM - INFO - Req!!!
1/24/2022, 4:11:57 PM - INFO - Req!!!
1/24/2022, 4:11:58 PM - INFO - Req!!!
1/24/2022, 4:14:27 PM - INFO - Req!!!
1/24/2022, 4:14:27 PM - INFO - Req!!!
1/24/2022, 4:14:27 PM - INFO - Req!!!
1/24/2022, 4:15:01 PM - INFO - Req!!!
1/24/2022, 4:15:01 PM - INFO - Req!!!
1/24/2022, 4:15:01 PM - INFO - Req!!!
1/24/2022, 4:15:15 PM - INFO - Req!!!
1/24/2022, 4:15:15 PM - INFO - Req!!!
1/24/2022, 4:15:16 PM - INFO - Req!!!
1/24/2022, 4:18:36 PM - INFO - Req!!!
1/24/2022, 4:18:36 PM - INFO - Req!!!
1/24/2022, 4:18:36 PM - INFO - Req!!!
1/24/2022, 4:18:39 PM - ERROR - Can not find toy edit | {}
1/24/2022, 4:18:39 PM - ERROR - Failer to get toy | {}
1/24/2022, 4:19:07 PM - INFO - Req!!!
1/24/2022, 4:19:07 PM - INFO - Req!!!
1/24/2022, 4:19:07 PM - INFO - Req!!!
1/24/2022, 4:19:08 PM - INFO - Req!!!
1/24/2022, 4:19:08 PM - INFO - Req!!!
1/24/2022, 4:19:08 PM - INFO - Req!!!
1/24/2022, 4:19:09 PM - INFO - Req!!!
1/24/2022, 4:19:15 PM - INFO - Req!!!
1/24/2022, 4:19:15 PM - INFO - Req!!!
1/24/2022, 4:19:15 PM - ERROR - Can not find toy edit | {}
1/24/2022, 4:19:15 PM - ERROR - Failer to get toy | {}
1/24/2022, 4:19:15 PM - INFO - Req!!!
1/24/2022, 4:19:17 PM - ERROR - Can not find toy edit | {}
1/24/2022, 4:19:17 PM - ERROR - Failer to get toy | {}
1/24/2022, 4:19:18 PM - INFO - Req!!!
1/24/2022, 4:19:18 PM - INFO - Req!!!
1/24/2022, 4:19:18 PM - INFO - Req!!!
1/24/2022, 4:19:46 PM - INFO - Req!!!
1/24/2022, 4:19:46 PM - INFO - Req!!!
1/24/2022, 4:19:46 PM - INFO - Req!!!
1/24/2022, 4:19:52 PM - INFO - Req!!!
1/24/2022, 4:19:52 PM - INFO - Req!!!
1/24/2022, 4:19:52 PM - INFO - Req!!!
1/24/2022, 4:19:52 PM - ERROR - Can not find toy edit | {}
1/24/2022, 4:19:52 PM - ERROR - Failer to get toy | {}
1/24/2022, 4:19:54 PM - ERROR - Can not find toy edit | {}
1/24/2022, 4:19:54 PM - ERROR - Failer to get toy | {}
1/24/2022, 4:19:55 PM - INFO - Req!!!
1/24/2022, 4:19:55 PM - INFO - Req!!!
1/24/2022, 4:19:55 PM - INFO - Req!!!
1/24/2022, 4:20:30 PM - INFO - Req!!!
1/24/2022, 4:20:30 PM - INFO - Req!!!
1/24/2022, 4:20:31 PM - INFO - Req!!!
1/24/2022, 4:20:31 PM - ERROR - Can not find toy edit | {}
1/24/2022, 4:20:31 PM - ERROR - Failer to get toy | {}
1/24/2022, 4:20:33 PM - ERROR - Can not find toy edit | {}
1/24/2022, 4:20:33 PM - ERROR - Failer to get toy | {}
1/24/2022, 4:20:35 PM - INFO - Req!!!
1/24/2022, 4:20:35 PM - INFO - Req!!!
1/24/2022, 4:20:36 PM - INFO - Req!!!
1/24/2022, 4:20:44 PM - INFO - Req!!!
1/24/2022, 4:20:44 PM - INFO - Req!!!
1/24/2022, 4:20:45 PM - INFO - Req!!!
1/24/2022, 4:20:46 PM - ERROR - Can not find toy edit | {}
1/24/2022, 4:20:46 PM - ERROR - Failer to get toy | {}
1/24/2022, 4:21:08 PM - ERROR - Can not find toy edit | {}
1/24/2022, 4:21:08 PM - ERROR - Failer to get toy | {}
1/24/2022, 4:21:10 PM - ERROR - Can not find toy edit | {}
1/24/2022, 4:21:10 PM - ERROR - Failer to get toy | {}
1/24/2022, 4:21:12 PM - ERROR - Can not find toy edit | {}
1/24/2022, 4:21:12 PM - ERROR - Failer to get toy | {}
1/24/2022, 4:21:13 PM - ERROR - Can not find toy edit | {}
1/24/2022, 4:21:13 PM - ERROR - Failer to get toy | {}
1/24/2022, 4:21:14 PM - ERROR - Can not find toy edit | {}
1/24/2022, 4:21:14 PM - ERROR - Failer to get toy | {}
1/24/2022, 4:21:29 PM - ERROR - Can not find toy edit | {}
1/24/2022, 4:21:29 PM - ERROR - Failer to get toy | {}
1/24/2022, 4:21:29 PM - INFO - Req!!!
1/24/2022, 4:21:29 PM - INFO - Req!!!
1/24/2022, 4:21:30 PM - INFO - Req!!!
1/24/2022, 4:21:51 PM - INFO - Req!!!
1/24/2022, 4:21:52 PM - INFO - Req!!!
1/24/2022, 4:21:52 PM - INFO - Req!!!
1/24/2022, 4:21:54 PM - ERROR - Can not find toy edit | {}
1/24/2022, 4:21:54 PM - ERROR - Failer to get toy | {}
1/24/2022, 4:22:11 PM - ERROR - Can not find toy edit | {}
1/24/2022, 4:22:11 PM - ERROR - Failer to get toy | {}
1/24/2022, 4:22:39 PM - ERROR - Can not find toy edit | {}
1/24/2022, 4:22:39 PM - ERROR - Failer to get toy | {}
1/24/2022, 4:22:40 PM - INFO - Req!!!
1/24/2022, 4:22:40 PM - INFO - Req!!!
1/24/2022, 4:22:40 PM - INFO - Req!!!
1/24/2022, 4:22:42 PM - ERROR - Can not find toy edit | {}
1/24/2022, 4:22:42 PM - ERROR - Failer to get toy | {}
1/24/2022, 4:22:43 PM - INFO - Req!!!
1/24/2022, 4:22:43 PM - INFO - Req!!!
1/24/2022, 4:22:44 PM - INFO - Req!!!
1/24/2022, 4:22:48 PM - INFO - Req!!!
1/24/2022, 4:22:48 PM - INFO - Req!!!
1/24/2022, 4:22:48 PM - INFO - Req!!!
1/24/2022, 4:22:53 PM - INFO - Req!!!
1/24/2022, 4:22:53 PM - INFO - Req!!!
1/24/2022, 4:22:53 PM - ERROR - Can not find toy edit | {}
1/24/2022, 4:22:53 PM - ERROR - Failer to get toy | {}
1/24/2022, 4:22:53 PM - INFO - Req!!!
1/24/2022, 4:22:57 PM - ERROR - Can not find toy edit | {}
1/24/2022, 4:22:57 PM - ERROR - Failer to get toy | {}
1/24/2022, 4:23:00 PM - INFO - Req!!!
1/24/2022, 4:23:00 PM - INFO - Req!!!
1/24/2022, 4:23:01 PM - INFO - Req!!!
1/24/2022, 4:23:18 PM - INFO - Req!!!
1/24/2022, 4:23:22 PM - DEBUG - auth.service - login with username: admin@admin.com
1/24/2022, 4:23:22 PM - INFO - Req!!!
1/24/2022, 4:23:22 PM - INFO - Req from: admin
1/24/2022, 4:23:22 PM - INFO - Req!!!
1/24/2022, 4:23:22 PM - INFO - Req from: admin
1/24/2022, 4:23:23 PM - INFO - Req!!!
1/24/2022, 4:23:23 PM - INFO - Req from: admin
1/24/2022, 4:23:36 PM - INFO - Req!!!
1/24/2022, 4:23:36 PM - INFO - Req from: admin
1/24/2022, 4:23:44 PM - INFO - Req!!!
1/24/2022, 4:23:44 PM - INFO - Req from: admin
1/24/2022, 4:23:44 PM - INFO - Req!!!
1/24/2022, 4:23:44 PM - INFO - Req from: admin
1/24/2022, 4:23:45 PM - INFO - Req!!!
1/24/2022, 4:23:45 PM - INFO - Req from: admin
1/24/2022, 4:23:58 PM - INFO - Req!!!
1/24/2022, 4:23:58 PM - INFO - Req from: admin
1/24/2022, 4:24:09 PM - INFO - Req!!!
1/24/2022, 4:24:09 PM - INFO - Req from: admin
1/24/2022, 4:24:09 PM - INFO - Req!!!
1/24/2022, 4:24:09 PM - INFO - Req from: admin
1/24/2022, 4:24:10 PM - INFO - Req!!!
1/24/2022, 4:24:10 PM - INFO - Req from: admin
1/24/2022, 4:24:13 PM - INFO - Req!!!
1/24/2022, 4:24:13 PM - INFO - Req from: admin
1/24/2022, 4:24:14 PM - INFO - Req!!!
1/24/2022, 4:24:14 PM - INFO - Req from: admin
1/24/2022, 4:24:15 PM - INFO - Req!!!
1/24/2022, 4:24:15 PM - INFO - Req from: admin
1/24/2022, 4:24:16 PM - INFO - Req!!!
1/24/2022, 4:24:16 PM - INFO - Req from: admin
1/24/2022, 4:24:17 PM - INFO - Req!!!
1/24/2022, 4:24:17 PM - INFO - Req from: admin
1/24/2022, 4:24:28 PM - INFO - Req!!!
1/24/2022, 4:24:28 PM - INFO - Req from: admin
1/24/2022, 4:24:31 PM - INFO - Req!!!
1/24/2022, 4:24:31 PM - INFO - Req from: admin
1/24/2022, 4:24:37 PM - INFO - Req!!!
1/24/2022, 4:24:37 PM - INFO - Req from: admin
1/24/2022, 4:24:37 PM - INFO - Req!!!
1/24/2022, 4:24:37 PM - INFO - Req from: admin
1/24/2022, 4:24:37 PM - INFO - Req!!!
1/24/2022, 4:24:37 PM - INFO - Req from: admin
1/24/2022, 4:24:39 PM - INFO - Req!!!
1/24/2022, 4:24:39 PM - INFO - Req from: admin
1/24/2022, 4:24:48 PM - INFO - Req!!!
1/24/2022, 4:24:48 PM - INFO - Req from: admin
1/24/2022, 4:24:48 PM - INFO - Req!!!
1/24/2022, 4:24:48 PM - INFO - Req from: admin
1/24/2022, 4:24:48 PM - INFO - Req!!!
1/24/2022, 4:24:48 PM - INFO - Req from: admin
1/24/2022, 4:24:49 PM - INFO - Req!!!
1/24/2022, 4:24:49 PM - INFO - Req from: admin
1/24/2022, 4:24:50 PM - INFO - Req!!!
1/24/2022, 4:24:50 PM - INFO - Req from: admin
1/24/2022, 4:24:51 PM - INFO - Req!!!
1/24/2022, 4:24:51 PM - INFO - Req from: admin
1/24/2022, 4:25:24 PM - INFO - Req!!!
1/24/2022, 4:25:24 PM - INFO - Req from: admin
1/24/2022, 4:25:26 PM - INFO - Req!!!
1/24/2022, 4:25:26 PM - INFO - Req from: admin
1/24/2022, 4:25:28 PM - INFO - Req!!!
1/24/2022, 4:25:28 PM - INFO - Req from: admin
1/24/2022, 4:25:29 PM - INFO - Req!!!
1/24/2022, 4:25:29 PM - INFO - Req from: admin
1/24/2022, 4:25:54 PM - INFO - Req!!!
1/24/2022, 4:25:54 PM - INFO - Req from: admin
1/24/2022, 4:25:54 PM - INFO - Req!!!
1/24/2022, 4:25:54 PM - INFO - Req from: admin
1/24/2022, 4:25:55 PM - INFO - Req!!!
1/24/2022, 4:25:55 PM - INFO - Req from: admin
1/24/2022, 4:26:04 PM - INFO - Req!!!
1/24/2022, 4:26:04 PM - INFO - Req from: admin
1/24/2022, 4:26:04 PM - INFO - Req!!!
1/24/2022, 4:26:04 PM - INFO - Req from: admin
1/24/2022, 4:26:04 PM - INFO - Req!!!
1/24/2022, 4:26:04 PM - INFO - Req from: admin
1/24/2022, 4:26:04 PM - ERROR - Can not find toy edit | {}
1/24/2022, 4:26:04 PM - ERROR - Failer to get toy | {}
1/24/2022, 4:27:00 PM - ERROR - Can not find toy edit | {}
1/24/2022, 4:27:00 PM - ERROR - Failer to get toy | {}
1/24/2022, 4:27:01 PM - INFO - Req!!!
1/24/2022, 4:27:01 PM - INFO - Req from: admin
1/24/2022, 4:27:01 PM - INFO - Req!!!
1/24/2022, 4:27:01 PM - INFO - Req from: admin
1/24/2022, 4:27:01 PM - INFO - Req!!!
1/24/2022, 4:27:01 PM - INFO - Req from: admin
1/24/2022, 4:27:03 PM - ERROR - Can not find toy edit | {}
1/24/2022, 4:27:03 PM - ERROR - Failer to get toy | {}
1/24/2022, 4:27:05 PM - ERROR - Can not find toy edit | {}
1/24/2022, 4:27:05 PM - ERROR - Failer to get toy | {}
1/24/2022, 4:27:08 PM - ERROR - Can not find toy edit | {}
1/24/2022, 4:27:08 PM - ERROR - Failer to get toy | {}
1/24/2022, 4:27:16 PM - ERROR - Can not find toy edit | {}
1/24/2022, 4:27:16 PM - ERROR - Failer to get toy | {}
1/24/2022, 4:27:29 PM - ERROR - Can not find toy edit | {}
1/24/2022, 4:27:29 PM - ERROR - Failer to get toy | {}
1/24/2022, 4:27:36 PM - ERROR - Can not find toy edit | {}
1/24/2022, 4:27:36 PM - ERROR - Failer to get toy | {}
1/24/2022, 4:27:38 PM - INFO - Req!!!
1/24/2022, 4:27:38 PM - INFO - Req from: admin
1/24/2022, 4:27:38 PM - INFO - Req!!!
1/24/2022, 4:27:38 PM - INFO - Req from: admin
1/24/2022, 4:27:38 PM - INFO - Req!!!
1/24/2022, 4:27:38 PM - INFO - Req from: admin
1/24/2022, 4:27:40 PM - INFO - Req!!!
1/24/2022, 4:27:40 PM - INFO - Req from: admin
1/24/2022, 4:27:55 PM - INFO - Req!!!
1/24/2022, 4:27:55 PM - INFO - Req from: admin
1/24/2022, 4:27:55 PM - INFO - Req!!!
1/24/2022, 4:27:55 PM - INFO - Req from: admin
1/24/2022, 4:27:56 PM - INFO - Req!!!
1/24/2022, 4:27:56 PM - INFO - Req from: admin
1/24/2022, 4:27:56 PM - INFO - Req!!!
1/24/2022, 4:27:56 PM - INFO - Req from: admin
1/24/2022, 4:27:56 PM - INFO - Req!!!
1/24/2022, 4:27:56 PM - INFO - Req from: admin
1/24/2022, 4:27:57 PM - INFO - Req!!!
1/24/2022, 4:27:57 PM - INFO - Req from: admin
1/24/2022, 4:27:59 PM - INFO - Req!!!
1/24/2022, 4:27:59 PM - INFO - Req from: admin
1/24/2022, 4:28:00 PM - INFO - Req!!!
1/24/2022, 4:28:00 PM - INFO - Req from: admin
1/24/2022, 4:28:00 PM - ERROR - Can not find toy edit | {}
1/24/2022, 4:28:00 PM - ERROR - Failer to get toy | {}
1/24/2022, 4:28:02 PM - ERROR - Can not find toy edit | {}
1/24/2022, 4:28:02 PM - ERROR - Failer to get toy | {}
1/24/2022, 4:28:17 PM - ERROR - Can not find toy edit | {}
1/24/2022, 4:28:17 PM - ERROR - Failer to get toy | {}
1/24/2022, 4:29:35 PM - ERROR - Can not find toy edit | {}
1/24/2022, 4:29:35 PM - ERROR - Failer to get toy | {}
1/24/2022, 4:29:39 PM - INFO - Req!!!
1/24/2022, 4:29:39 PM - INFO - Req from: admin
1/24/2022, 4:29:39 PM - INFO - Req!!!
1/24/2022, 4:29:39 PM - INFO - Req from: admin
1/24/2022, 4:29:39 PM - INFO - Req!!!
1/24/2022, 4:29:39 PM - INFO - Req from: admin
1/24/2022, 4:29:40 PM - INFO - Req!!!
1/24/2022, 4:29:40 PM - INFO - Req from: admin
1/24/2022, 4:29:40 PM - INFO - Req!!!
1/24/2022, 4:29:40 PM - INFO - Req from: admin
1/24/2022, 4:29:40 PM - INFO - Req!!!
1/24/2022, 4:29:40 PM - INFO - Req from: admin
1/24/2022, 4:29:41 PM - ERROR - Can not find toy edit | {}
1/24/2022, 4:29:41 PM - ERROR - Failer to get toy | {}
1/24/2022, 4:29:48 PM - ERROR - Can not find toy edit | {}
1/24/2022, 4:29:48 PM - ERROR - Failer to get toy | {}
1/24/2022, 4:29:59 PM - ERROR - Can not find toy edit | {}
1/24/2022, 4:29:59 PM - ERROR - Failer to get toy | {}
1/24/2022, 4:30:05 PM - ERROR - Can not find toy edit | {}
1/24/2022, 4:30:05 PM - ERROR - Failer to get toy | {}
1/24/2022, 4:30:15 PM - ERROR - Can not find toy edit | {}
1/24/2022, 4:30:15 PM - ERROR - Failer to get toy | {}
1/24/2022, 4:30:17 PM - INFO - Req!!!
1/24/2022, 4:30:17 PM - INFO - Req from: admin
1/24/2022, 4:30:17 PM - INFO - Req!!!
1/24/2022, 4:30:17 PM - INFO - Req from: admin
1/24/2022, 4:30:17 PM - INFO - Req!!!
1/24/2022, 4:30:17 PM - INFO - Req from: admin
1/24/2022, 4:30:20 PM - INFO - Req!!!
1/24/2022, 4:30:20 PM - INFO - Req from: admin
1/24/2022, 4:30:24 PM - INFO - Req!!!
1/24/2022, 4:30:24 PM - INFO - Req from: admin
1/24/2022, 4:30:25 PM - ERROR - Can not find toy edit | {}
1/24/2022, 4:30:25 PM - ERROR - Failer to get toy | {}
1/24/2022, 4:30:27 PM - ERROR - Can not find toy edit | {}
1/24/2022, 4:30:27 PM - ERROR - Failer to get toy | {}
1/24/2022, 4:30:29 PM - INFO - Req!!!
1/24/2022, 4:30:29 PM - INFO - Req from: admin
1/24/2022, 4:30:29 PM - INFO - Req!!!
1/24/2022, 4:30:29 PM - INFO - Req from: admin
1/24/2022, 4:30:30 PM - INFO - Req!!!
1/24/2022, 4:30:30 PM - INFO - Req from: admin
1/24/2022, 4:30:32 PM - INFO - Req!!!
1/24/2022, 4:30:32 PM - INFO - Req from: admin
1/24/2022, 4:30:32 PM - INFO - Req!!!
1/24/2022, 4:30:32 PM - INFO - Req from: admin
1/24/2022, 4:30:32 PM - INFO - Req!!!
1/24/2022, 4:30:32 PM - INFO - Req from: admin
1/24/2022, 4:30:32 PM - ERROR - Can not find toy edit | {}
1/24/2022, 4:30:32 PM - ERROR - Failer to get toy | {}
1/24/2022, 4:30:55 PM - ERROR - Can not find toy edit | {}
1/24/2022, 4:30:55 PM - ERROR - Failer to get toy | {}
1/24/2022, 4:30:57 PM - INFO - Req!!!
1/24/2022, 4:30:57 PM - INFO - Req from: admin
1/24/2022, 4:30:57 PM - INFO - Req!!!
1/24/2022, 4:30:57 PM - INFO - Req from: admin
1/24/2022, 4:30:57 PM - INFO - Req!!!
1/24/2022, 4:30:57 PM - INFO - Req from: admin
1/24/2022, 4:31:00 PM - INFO - Req!!!
1/24/2022, 4:31:00 PM - INFO - Req from: admin
1/24/2022, 4:31:04 PM - INFO - Req!!!
1/24/2022, 4:31:04 PM - INFO - Req from: admin
1/24/2022, 4:31:07 PM - ERROR - Can not find toy edit | {}
1/24/2022, 4:31:07 PM - ERROR - Failer to get toy | {}
1/24/2022, 4:31:29 PM - ERROR - Can not find toy edit | {}
1/24/2022, 4:31:29 PM - ERROR - Failer to get toy | {}
1/24/2022, 4:31:31 PM - INFO - Req!!!
1/24/2022, 4:31:31 PM - INFO - Req from: admin
1/24/2022, 4:31:31 PM - INFO - Req!!!
1/24/2022, 4:31:31 PM - INFO - Req from: admin
1/24/2022, 4:31:32 PM - INFO - Req!!!
1/24/2022, 4:31:32 PM - INFO - Req from: admin
1/24/2022, 4:31:32 PM - ERROR - Can not find toy edit | {}
1/24/2022, 4:31:32 PM - ERROR - Failer to get toy | {}
1/24/2022, 4:31:44 PM - INFO - Req!!!
1/24/2022, 4:31:44 PM - INFO - Req from: admin
1/24/2022, 4:31:44 PM - INFO - Req!!!
1/24/2022, 4:31:44 PM - INFO - Req from: admin
1/24/2022, 4:31:44 PM - INFO - Req!!!
1/24/2022, 4:31:44 PM - INFO - Req from: admin
1/24/2022, 4:32:18 PM - INFO - Req!!!
1/24/2022, 4:32:18 PM - INFO - Req from: admin
1/24/2022, 4:32:18 PM - INFO - Req!!!
1/24/2022, 4:32:18 PM - INFO - Req from: admin
1/24/2022, 4:32:19 PM - INFO - Req!!!
1/24/2022, 4:32:19 PM - INFO - Req from: admin
1/24/2022, 4:32:20 PM - INFO - Req!!!
1/24/2022, 4:32:20 PM - INFO - Req from: admin
1/24/2022, 4:32:20 PM - INFO - Req!!!
1/24/2022, 4:32:20 PM - INFO - Req from: admin
1/24/2022, 4:32:20 PM - INFO - Req!!!
1/24/2022, 4:32:20 PM - INFO - Req from: admin
1/24/2022, 4:32:21 PM - ERROR - Can not find toy edit | {}
1/24/2022, 4:32:21 PM - ERROR - Failer to get toy | {}
1/24/2022, 4:32:25 PM - ERROR - Can not find toy edit | {}
1/24/2022, 4:32:25 PM - ERROR - Failer to get toy | {}
1/24/2022, 4:32:26 PM - ERROR - Can not find toy edit | {}
1/24/2022, 4:32:26 PM - ERROR - Failer to get toy | {}
1/24/2022, 4:32:28 PM - ERROR - Can not find toy edit | {}
1/24/2022, 4:32:28 PM - ERROR - Failer to get toy | {}
1/24/2022, 4:32:35 PM - ERROR - Can not find toy edit | {}
1/24/2022, 4:32:35 PM - ERROR - Failer to get toy | {}
1/24/2022, 4:32:43 PM - ERROR - Can not find toy edit | {}
1/24/2022, 4:32:43 PM - ERROR - Failer to get toy | {}
1/24/2022, 4:32:50 PM - ERROR - Can not find toy edit | {}
1/24/2022, 4:32:50 PM - ERROR - Failer to get toy | {}
1/24/2022, 4:32:57 PM - ERROR - Can not find toy edit | {}
1/24/2022, 4:32:57 PM - ERROR - Failer to get toy | {}
1/24/2022, 4:33:28 PM - ERROR - Can not find toy edit | {}
1/24/2022, 4:33:28 PM - ERROR - Failer to get toy | {}
1/24/2022, 4:33:34 PM - INFO - Req!!!
1/24/2022, 4:33:34 PM - INFO - Req from: admin
1/24/2022, 4:33:34 PM - INFO - Req!!!
1/24/2022, 4:33:34 PM - INFO - Req from: admin
1/24/2022, 4:33:34 PM - INFO - Req!!!
1/24/2022, 4:33:34 PM - INFO - Req from: admin
1/24/2022, 4:36:53 PM - INFO - Req!!!
1/24/2022, 4:36:53 PM - INFO - Req from: admin
1/24/2022, 4:36:53 PM - INFO - Req!!!
1/24/2022, 4:36:53 PM - INFO - Req from: admin
1/24/2022, 4:36:54 PM - INFO - Req!!!
1/24/2022, 4:36:54 PM - INFO - Req from: admin
1/24/2022, 4:36:55 PM - INFO - Req!!!
1/24/2022, 4:36:55 PM - INFO - Req from: admin
1/24/2022, 4:37:01 PM - INFO - Req!!!
1/24/2022, 4:37:01 PM - INFO - Req from: admin
1/24/2022, 4:37:04 PM - INFO - Req!!!
1/24/2022, 4:37:04 PM - INFO - Req from: admin
1/24/2022, 4:37:07 PM - INFO - Req!!!
1/24/2022, 4:37:07 PM - INFO - Req from: admin
1/24/2022, 4:37:22 PM - INFO - Req!!!
1/24/2022, 4:37:22 PM - INFO - Req from: admin
1/24/2022, 4:37:22 PM - INFO - Req!!!
1/24/2022, 4:37:22 PM - INFO - Req from: admin
1/24/2022, 4:37:22 PM - INFO - Req!!!
1/24/2022, 4:37:22 PM - INFO - Req from: admin
1/24/2022, 4:37:24 PM - INFO - Req!!!
1/24/2022, 4:37:30 PM - INFO - Req!!!
1/24/2022, 4:37:32 PM - INFO - Req!!!
1/24/2022, 4:37:34 PM - INFO - Req!!!
1/24/2022, 4:37:39 PM - INFO - Req!!!
1/24/2022, 4:37:39 PM - INFO - Req!!!
1/24/2022, 4:37:40 PM - INFO - Req!!!
1/24/2022, 4:37:57 PM - INFO - Req!!!
1/24/2022, 4:37:57 PM - INFO - Req!!!
1/24/2022, 4:37:57 PM - INFO - Req!!!
1/24/2022, 4:37:58 PM - INFO - Req!!!
1/24/2022, 4:38:01 PM - INFO - Req!!!
1/24/2022, 4:38:04 PM - DEBUG - auth.service - login with username: admin@admin.com
1/24/2022, 4:38:04 PM - INFO - Req!!!
1/24/2022, 4:38:04 PM - INFO - Req from: admin
1/24/2022, 4:38:04 PM - INFO - Req!!!
1/24/2022, 4:38:04 PM - INFO - Req from: admin
1/24/2022, 4:38:05 PM - INFO - Req!!!
1/24/2022, 4:38:05 PM - INFO - Req from: admin
1/24/2022, 4:38:09 PM - INFO - Req!!!
1/24/2022, 4:38:09 PM - INFO - Req from: admin
1/24/2022, 4:40:24 PM - INFO - Req!!!
1/24/2022, 4:40:24 PM - INFO - Req from: admin
1/24/2022, 4:40:26 PM - INFO - Req!!!
1/24/2022, 4:40:26 PM - INFO - Req from: admin
1/24/2022, 4:40:30 PM - INFO - Req!!!
1/24/2022, 4:40:30 PM - INFO - Req from: admin
1/24/2022, 4:40:31 PM - INFO - Req!!!
1/24/2022, 4:40:31 PM - INFO - Req from: admin
1/24/2022, 4:40:33 PM - INFO - Req!!!
1/24/2022, 4:40:33 PM - INFO - Req from: admin
1/24/2022, 4:40:36 PM - INFO - Req!!!
1/24/2022, 4:40:36 PM - INFO - Req from: admin
1/24/2022, 4:40:38 PM - INFO - Req!!!
1/24/2022, 4:40:38 PM - INFO - Req from: admin
1/24/2022, 4:41:12 PM - INFO - Req!!!
1/24/2022, 4:41:12 PM - INFO - Req from: admin
1/24/2022, 4:41:12 PM - INFO - Req!!!
1/24/2022, 4:41:12 PM - INFO - Req from: admin
1/24/2022, 4:41:12 PM - INFO - Req!!!
1/24/2022, 4:41:12 PM - INFO - Req from: admin
1/24/2022, 4:41:13 PM - INFO - Req!!!
1/24/2022, 4:41:13 PM - INFO - Req from: admin
1/24/2022, 4:41:13 PM - INFO - Req!!!
1/24/2022, 4:41:13 PM - INFO - Req from: admin
1/24/2022, 4:41:13 PM - INFO - Req!!!
1/24/2022, 4:41:13 PM - INFO - Req from: admin
1/24/2022, 4:41:13 PM - INFO - Req!!!
1/24/2022, 4:41:13 PM - INFO - Req from: admin
1/24/2022, 4:41:13 PM - INFO - Req!!!
1/24/2022, 4:41:13 PM - INFO - Req from: admin
1/24/2022, 4:41:13 PM - INFO - Req!!!
1/24/2022, 4:41:13 PM - INFO - Req from: admin
1/24/2022, 4:41:15 PM - INFO - Req!!!
1/24/2022, 4:41:15 PM - INFO - Req from: admin
1/24/2022, 4:41:15 PM - INFO - Req!!!
1/24/2022, 4:41:15 PM - INFO - Req from: admin
1/24/2022, 4:41:15 PM - INFO - Req!!!
1/24/2022, 4:41:15 PM - INFO - Req from: admin
1/24/2022, 4:41:15 PM - INFO - Req!!!
1/24/2022, 4:41:15 PM - INFO - Req from: admin
1/24/2022, 4:41:15 PM - INFO - Req!!!
1/24/2022, 4:41:15 PM - INFO - Req from: admin
1/24/2022, 4:41:16 PM - INFO - Req!!!
1/24/2022, 4:41:16 PM - INFO - Req from: admin
1/24/2022, 4:41:16 PM - INFO - Req!!!
1/24/2022, 4:41:16 PM - INFO - Req from: admin
1/24/2022, 4:41:16 PM - INFO - Req!!!
1/24/2022, 4:41:16 PM - INFO - Req from: admin
1/24/2022, 4:41:16 PM - INFO - Req!!!
1/24/2022, 4:41:16 PM - INFO - Req from: admin
1/24/2022, 4:41:16 PM - INFO - Req!!!
1/24/2022, 4:41:16 PM - INFO - Req from: admin
1/24/2022, 4:41:16 PM - INFO - Req!!!
1/24/2022, 4:41:16 PM - INFO - Req from: admin
1/24/2022, 4:42:37 PM - INFO - Req!!!
1/24/2022, 4:42:37 PM - INFO - Req from: admin
1/24/2022, 4:42:37 PM - INFO - Req!!!
1/24/2022, 4:42:37 PM - INFO - Req from: admin
1/24/2022, 4:42:38 PM - INFO - Req!!!
1/24/2022, 4:42:38 PM - INFO - Req from: admin
1/24/2022, 4:42:39 PM - INFO - Req!!!
1/24/2022, 4:42:39 PM - INFO - Req from: admin
1/24/2022, 4:42:39 PM - INFO - Req!!!
1/24/2022, 4:42:39 PM - INFO - Req from: admin
1/24/2022, 4:42:39 PM - INFO - Req!!!
1/24/2022, 4:42:39 PM - INFO - Req from: admin
1/24/2022, 4:42:39 PM - INFO - Req!!!
1/24/2022, 4:42:39 PM - INFO - Req from: admin
1/24/2022, 4:42:39 PM - INFO - Req!!!
1/24/2022, 4:42:39 PM - INFO - Req from: admin
1/24/2022, 4:42:40 PM - INFO - Req!!!
1/24/2022, 4:42:40 PM - INFO - Req from: admin
1/24/2022, 4:42:40 PM - INFO - Req!!!
1/24/2022, 4:42:40 PM - INFO - Req from: admin
1/24/2022, 4:42:41 PM - INFO - Req!!!
1/24/2022, 4:42:41 PM - INFO - Req from: admin
1/24/2022, 4:42:41 PM - INFO - Req!!!
1/24/2022, 4:42:41 PM - INFO - Req from: admin
1/24/2022, 4:42:41 PM - INFO - Req!!!
1/24/2022, 4:42:41 PM - INFO - Req from: admin
1/24/2022, 4:42:41 PM - INFO - Req!!!
1/24/2022, 4:42:41 PM - INFO - Req from: admin
1/24/2022, 4:42:41 PM - INFO - Req!!!
1/24/2022, 4:42:41 PM - INFO - Req from: admin
1/24/2022, 4:42:41 PM - INFO - Req!!!
1/24/2022, 4:42:41 PM - INFO - Req from: admin
1/24/2022, 4:42:42 PM - INFO - Req!!!
1/24/2022, 4:42:42 PM - INFO - Req from: admin
1/24/2022, 4:42:42 PM - INFO - Req!!!
1/24/2022, 4:42:42 PM - INFO - Req from: admin
1/24/2022, 4:42:42 PM - INFO - Req!!!
1/24/2022, 4:42:42 PM - INFO - Req from: admin
1/24/2022, 4:42:43 PM - INFO - Req!!!
1/24/2022, 4:42:43 PM - INFO - Req from: admin
1/24/2022, 4:42:43 PM - INFO - Req!!!
1/24/2022, 4:42:43 PM - INFO - Req from: admin
1/24/2022, 4:42:46 PM - INFO - Req!!!
1/24/2022, 4:42:46 PM - INFO - Req from: admin
1/24/2022, 4:42:46 PM - INFO - Req!!!
1/24/2022, 4:42:46 PM - INFO - Req from: admin
1/24/2022, 4:42:46 PM - INFO - Req!!!
1/24/2022, 4:42:46 PM - INFO - Req from: admin
1/24/2022, 4:42:50 PM - INFO - Req!!!
1/24/2022, 4:42:50 PM - INFO - Req from: admin
1/24/2022, 4:42:52 PM - INFO - Req!!!
1/24/2022, 4:42:52 PM - INFO - Req from: admin
1/24/2022, 4:42:52 PM - INFO - Req!!!
1/24/2022, 4:42:52 PM - INFO - Req from: admin
1/24/2022, 4:42:52 PM - INFO - Req!!!
1/24/2022, 4:42:52 PM - INFO - Req from: admin
1/24/2022, 4:42:53 PM - INFO - Req!!!
1/24/2022, 4:42:53 PM - INFO - Req from: admin
1/24/2022, 4:42:53 PM - INFO - Req!!!
1/24/2022, 4:42:53 PM - INFO - Req from: admin
1/24/2022, 4:42:53 PM - INFO - Req!!!
1/24/2022, 4:42:53 PM - INFO - Req from: admin
1/24/2022, 4:42:58 PM - INFO - Req!!!
1/24/2022, 4:42:58 PM - INFO - Req from: admin
1/24/2022, 4:42:59 PM - INFO - Req!!!
1/24/2022, 4:42:59 PM - INFO - Req from: admin
1/24/2022, 4:43:00 PM - INFO - Req!!!
1/24/2022, 4:43:00 PM - INFO - Req from: admin
1/24/2022, 4:43:01 PM - INFO - Req!!!
1/24/2022, 4:43:01 PM - INFO - Req from: admin
1/24/2022, 4:43:02 PM - INFO - Req!!!
1/24/2022, 4:43:02 PM - INFO - Req from: admin
1/24/2022, 4:44:22 PM - INFO - Req!!!
1/24/2022, 4:44:22 PM - INFO - Req from: admin
1/24/2022, 4:44:22 PM - INFO - Req!!!
1/24/2022, 4:44:22 PM - INFO - Req from: admin
1/24/2022, 4:44:22 PM - INFO - Req!!!
1/24/2022, 4:44:22 PM - INFO - Req from: admin
1/24/2022, 4:44:25 PM - INFO - Req!!!
1/24/2022, 4:44:25 PM - INFO - Req from: admin
1/24/2022, 4:44:26 PM - INFO - Req!!!
1/24/2022, 4:44:26 PM - INFO - Req from: admin
1/24/2022, 4:44:26 PM - INFO - Req!!!
1/24/2022, 4:44:26 PM - INFO - Req from: admin
1/24/2022, 4:44:27 PM - INFO - Req!!!
1/24/2022, 4:44:27 PM - INFO - Req from: admin
1/24/2022, 4:45:14 PM - INFO - Req!!!
1/24/2022, 4:45:14 PM - INFO - Req from: admin
1/24/2022, 4:45:14 PM - INFO - Req!!!
1/24/2022, 4:45:14 PM - INFO - Req from: admin
1/24/2022, 4:45:15 PM - INFO - Req!!!
1/24/2022, 4:45:15 PM - INFO - Req from: admin
1/24/2022, 4:45:19 PM - INFO - Req!!!
1/24/2022, 4:45:19 PM - INFO - Req from: admin
1/24/2022, 4:45:29 PM - INFO - Req!!!
1/24/2022, 4:45:29 PM - INFO - Req from: admin
1/24/2022, 4:45:38 PM - INFO - Req!!!
1/24/2022, 4:45:38 PM - INFO - Req from: admin
1/24/2022, 4:45:49 PM - INFO - Req!!!
1/24/2022, 4:45:49 PM - INFO - Req from: admin
1/24/2022, 4:45:49 PM - INFO - Req!!!
1/24/2022, 4:45:49 PM - INFO - Req from: admin
1/24/2022, 4:45:49 PM - INFO - Req!!!
1/24/2022, 4:45:49 PM - INFO - Req from: admin
1/24/2022, 4:45:50 PM - INFO - Req!!!
1/24/2022, 4:45:50 PM - INFO - Req from: admin
1/24/2022, 4:45:58 PM - INFO - Req!!!
1/24/2022, 4:45:58 PM - INFO - Req from: admin
1/24/2022, 4:45:58 PM - INFO - Req!!!
1/24/2022, 4:45:58 PM - INFO - Req from: admin
1/24/2022, 4:45:58 PM - INFO - Req!!!
1/24/2022, 4:45:58 PM - INFO - Req from: admin
1/24/2022, 4:46:00 PM - INFO - Req!!!
1/24/2022, 4:46:00 PM - INFO - Req from: admin
1/24/2022, 4:46:15 PM - INFO - Req!!!
1/24/2022, 4:46:15 PM - INFO - Req from: admin
1/24/2022, 4:46:15 PM - INFO - Req!!!
1/24/2022, 4:46:15 PM - INFO - Req from: admin
1/24/2022, 4:46:15 PM - INFO - Req!!!
1/24/2022, 4:46:15 PM - INFO - Req from: admin
1/24/2022, 4:46:20 PM - INFO - Req!!!
1/24/2022, 4:46:20 PM - INFO - Req from: admin
1/24/2022, 4:46:20 PM - INFO - Req!!!
1/24/2022, 4:46:20 PM - INFO - Req from: admin
1/24/2022, 4:46:21 PM - INFO - Req!!!
1/24/2022, 4:46:21 PM - INFO - Req from: admin
1/24/2022, 4:46:59 PM - INFO - Req!!!
1/24/2022, 4:46:59 PM - INFO - Req from: admin
1/24/2022, 4:46:59 PM - INFO - Req!!!
1/24/2022, 4:46:59 PM - INFO - Req from: admin
1/24/2022, 4:47:00 PM - INFO - Req!!!
1/24/2022, 4:47:00 PM - INFO - Req from: admin
1/24/2022, 4:47:01 PM - INFO - Req!!!
1/24/2022, 4:47:01 PM - INFO - Req from: admin
1/24/2022, 4:47:01 PM - INFO - Req!!!
1/24/2022, 4:47:01 PM - INFO - Req from: admin
1/24/2022, 4:47:01 PM - INFO - Req!!!
1/24/2022, 4:47:01 PM - INFO - Req from: admin
1/24/2022, 4:47:05 PM - INFO - Req!!!
1/24/2022, 4:47:05 PM - INFO - Req from: admin
1/24/2022, 4:47:06 PM - INFO - Req!!!
1/24/2022, 4:47:06 PM - INFO - Req from: admin
1/24/2022, 4:47:11 PM - INFO - Req!!!
1/24/2022, 4:47:11 PM - INFO - Req from: admin
1/24/2022, 4:47:12 PM - INFO - Req!!!
1/24/2022, 4:47:12 PM - INFO - Req from: admin
1/24/2022, 4:47:12 PM - INFO - Req!!!
1/24/2022, 4:47:12 PM - INFO - Req from: admin
1/24/2022, 4:47:13 PM - INFO - Req!!!
1/24/2022, 4:47:13 PM - INFO - Req from: admin
1/24/2022, 4:47:30 PM - INFO - Req!!!
1/24/2022, 4:47:30 PM - INFO - Req from: admin
1/24/2022, 4:47:30 PM - INFO - Req!!!
1/24/2022, 4:47:30 PM - INFO - Req from: admin
1/24/2022, 4:47:31 PM - INFO - Req!!!
1/24/2022, 4:47:31 PM - INFO - Req from: admin
1/24/2022, 4:47:32 PM - INFO - Req!!!
1/24/2022, 4:47:32 PM - INFO - Req from: admin
1/24/2022, 4:47:32 PM - INFO - Req!!!
1/24/2022, 4:47:32 PM - INFO - Req from: admin
1/24/2022, 4:47:32 PM - INFO - Req!!!
1/24/2022, 4:47:32 PM - INFO - Req from: admin
1/24/2022, 4:49:23 PM - INFO - Req!!!
1/24/2022, 4:49:23 PM - INFO - Req from: admin
1/24/2022, 4:49:23 PM - INFO - Req!!!
1/24/2022, 4:49:23 PM - INFO - Req from: admin
1/24/2022, 4:49:24 PM - INFO - Req!!!
1/24/2022, 4:49:24 PM - INFO - Req from: admin
1/24/2022, 4:49:30 PM - INFO - Req!!!
1/24/2022, 4:49:30 PM - INFO - Req from: admin
1/24/2022, 4:49:30 PM - INFO - Req!!!
1/24/2022, 4:49:30 PM - INFO - Req from: admin
1/24/2022, 4:49:30 PM - INFO - Req!!!
1/24/2022, 4:49:30 PM - INFO - Req from: admin
1/24/2022, 4:49:37 PM - INFO - Req!!!
1/24/2022, 4:49:37 PM - INFO - Req from: admin
1/24/2022, 4:49:42 PM - INFO - Req!!!
1/24/2022, 4:49:42 PM - INFO - Req from: admin
1/24/2022, 4:49:45 PM - INFO - Req!!!
1/24/2022, 4:49:45 PM - INFO - Req from: admin
1/24/2022, 4:49:45 PM - INFO - Req!!!
1/24/2022, 4:49:45 PM - INFO - Req from: admin
1/24/2022, 4:49:46 PM - INFO - Req!!!
1/24/2022, 4:49:46 PM - INFO - Req from: admin
1/24/2022, 4:49:47 PM - INFO - Req!!!
1/24/2022, 4:49:47 PM - INFO - Req from: admin
1/24/2022, 4:50:03 PM - INFO - Req!!!
1/24/2022, 4:50:03 PM - INFO - Req from: admin
1/24/2022, 4:50:03 PM - INFO - Req!!!
1/24/2022, 4:50:03 PM - INFO - Req from: admin
1/24/2022, 4:50:03 PM - INFO - Req!!!
1/24/2022, 4:50:03 PM - INFO - Req from: admin
1/24/2022, 4:50:04 PM - INFO - Req!!!
1/24/2022, 4:50:04 PM - INFO - Req from: admin
1/24/2022, 4:50:04 PM - INFO - Req!!!
1/24/2022, 4:50:04 PM - INFO - Req from: admin
1/24/2022, 4:50:05 PM - INFO - Req!!!
1/24/2022, 4:50:05 PM - INFO - Req from: admin
1/24/2022, 4:50:08 PM - INFO - Req!!!
1/24/2022, 4:50:08 PM - INFO - Req from: admin
1/24/2022, 4:50:10 PM - INFO - Req!!!
1/24/2022, 4:50:10 PM - INFO - Req from: admin
1/24/2022, 4:50:18 PM - INFO - Req!!!
1/24/2022, 4:50:18 PM - INFO - Req from: admin
1/24/2022, 4:50:18 PM - INFO - Req!!!
1/24/2022, 4:50:18 PM - INFO - Req from: admin
1/24/2022, 4:50:18 PM - INFO - Req!!!
1/24/2022, 4:50:18 PM - INFO - Req from: admin
1/24/2022, 4:50:20 PM - INFO - Req!!!
1/24/2022, 4:50:20 PM - INFO - Req from: admin
1/24/2022, 4:51:25 PM - INFO - Req!!!
1/24/2022, 4:51:25 PM - INFO - Req from: admin
1/24/2022, 4:51:25 PM - INFO - Req!!!
1/24/2022, 4:51:25 PM - INFO - Req from: admin
1/24/2022, 4:51:25 PM - INFO - Req!!!
1/24/2022, 4:51:25 PM - INFO - Req from: admin
1/24/2022, 4:51:34 PM - INFO - Req!!!
1/24/2022, 4:51:34 PM - INFO - Req from: admin
1/24/2022, 4:51:34 PM - INFO - Req!!!
1/24/2022, 4:51:34 PM - INFO - Req from: admin
1/24/2022, 4:51:35 PM - INFO - Req!!!
1/24/2022, 4:51:35 PM - INFO - Req from: admin
1/24/2022, 4:51:36 PM - INFO - Req!!!
1/24/2022, 4:51:36 PM - INFO - Req from: admin
1/24/2022, 4:51:37 PM - INFO - Req!!!
1/24/2022, 4:51:37 PM - INFO - Req from: admin
1/24/2022, 4:51:37 PM - INFO - Req!!!
1/24/2022, 4:51:37 PM - INFO - Req from: admin
1/24/2022, 4:51:38 PM - INFO - Req!!!
1/24/2022, 4:51:38 PM - INFO - Req from: admin
1/24/2022, 4:51:40 PM - INFO - Req!!!
1/24/2022, 4:51:40 PM - INFO - Req from: admin
1/24/2022, 4:52:09 PM - INFO - Req!!!
1/24/2022, 4:52:09 PM - INFO - Req from: admin
1/24/2022, 4:52:09 PM - INFO - Req!!!
1/24/2022, 4:52:09 PM - INFO - Req from: admin
1/24/2022, 4:52:10 PM - INFO - Req!!!
1/24/2022, 4:52:10 PM - INFO - Req from: admin
1/24/2022, 4:52:47 PM - INFO - Req!!!
1/24/2022, 4:52:47 PM - INFO - Req from: admin
1/24/2022, 4:52:47 PM - INFO - Req!!!
1/24/2022, 4:52:47 PM - INFO - Req from: admin
1/24/2022, 4:52:48 PM - INFO - Req!!!
1/24/2022, 4:52:48 PM - INFO - Req from: admin
1/24/2022, 4:54:47 PM - INFO - Req!!!
1/24/2022, 4:54:47 PM - INFO - Req from: admin
1/24/2022, 4:54:47 PM - INFO - Req!!!
1/24/2022, 4:54:47 PM - INFO - Req from: admin
1/24/2022, 4:54:48 PM - INFO - Req!!!
1/24/2022, 4:54:48 PM - INFO - Req from: admin
1/24/2022, 4:54:57 PM - INFO - Req!!!
1/24/2022, 4:54:57 PM - INFO - Req from: admin
1/24/2022, 4:55:14 PM - INFO - Req!!!
1/24/2022, 4:55:14 PM - INFO - Req from: admin
1/24/2022, 4:56:17 PM - INFO - Req!!!
1/24/2022, 4:56:17 PM - INFO - Req from: admin
1/24/2022, 4:56:17 PM - INFO - Req!!!
1/24/2022, 4:56:17 PM - INFO - Req from: admin
1/24/2022, 4:56:17 PM - INFO - Req!!!
1/24/2022, 4:56:17 PM - INFO - Req from: admin
1/24/2022, 4:56:20 PM - INFO - Req!!!
1/24/2022, 4:56:20 PM - INFO - Req from: admin
1/24/2022, 4:56:21 PM - INFO - Req!!!
1/24/2022, 4:56:21 PM - INFO - Req from: admin
1/24/2022, 4:56:36 PM - INFO - Req!!!
1/24/2022, 4:56:36 PM - INFO - Req from: admin
1/24/2022, 4:56:36 PM - INFO - Req!!!
1/24/2022, 4:56:36 PM - INFO - Req from: admin
1/24/2022, 4:56:36 PM - INFO - Req!!!
1/24/2022, 4:56:36 PM - INFO - Req from: admin
1/24/2022, 4:56:37 PM - INFO - Req!!!
1/24/2022, 4:56:37 PM - INFO - Req from: admin
1/24/2022, 4:56:37 PM - INFO - Req!!!
1/24/2022, 4:56:37 PM - INFO - Req from: admin
1/24/2022, 4:56:38 PM - INFO - Req!!!
1/24/2022, 4:56:38 PM - INFO - Req from: admin
1/24/2022, 4:56:46 PM - INFO - Req!!!
1/24/2022, 4:56:46 PM - INFO - Req from: admin
1/24/2022, 4:56:47 PM - INFO - Req!!!
1/24/2022, 4:56:47 PM - INFO - Req from: admin
1/24/2022, 4:56:47 PM - INFO - Req!!!
1/24/2022, 4:56:47 PM - INFO - Req from: admin
1/24/2022, 4:56:48 PM - INFO - Req!!!
1/24/2022, 4:56:48 PM - INFO - Req from: admin
1/24/2022, 4:56:49 PM - INFO - Req!!!
1/24/2022, 4:56:49 PM - INFO - Req from: admin
1/24/2022, 4:56:50 PM - INFO - Req!!!
1/24/2022, 4:56:50 PM - INFO - Req from: admin
1/24/2022, 4:56:52 PM - INFO - Req!!!
1/24/2022, 4:56:52 PM - INFO - Req from: admin
1/24/2022, 4:56:53 PM - INFO - Req!!!
1/24/2022, 4:56:53 PM - INFO - Req from: admin
1/24/2022, 4:56:55 PM - INFO - Req!!!
1/24/2022, 4:56:55 PM - INFO - Req from: admin
1/24/2022, 4:56:56 PM - INFO - Req!!!
1/24/2022, 4:56:56 PM - INFO - Req from: admin
1/24/2022, 4:56:58 PM - INFO - Req!!!
1/24/2022, 4:56:58 PM - INFO - Req from: admin
1/24/2022, 4:56:58 PM - INFO - Req!!!
1/24/2022, 4:56:58 PM - INFO - Req from: admin
1/24/2022, 4:56:58 PM - INFO - Req!!!
1/24/2022, 4:56:58 PM - INFO - Req from: admin
1/24/2022, 4:56:59 PM - INFO - Req!!!
1/24/2022, 4:56:59 PM - INFO - Req from: admin
1/24/2022, 4:57:25 PM - INFO - Req!!!
1/24/2022, 4:57:25 PM - INFO - Req from: admin
1/24/2022, 4:57:25 PM - INFO - Req!!!
1/24/2022, 4:57:25 PM - INFO - Req from: admin
1/24/2022, 4:57:25 PM - INFO - Req!!!
1/24/2022, 4:57:25 PM - INFO - Req from: admin
1/24/2022, 4:57:29 PM - INFO - Req!!!
1/24/2022, 4:57:29 PM - INFO - Req from: admin
1/24/2022, 4:57:31 PM - INFO - Req!!!
1/24/2022, 4:57:31 PM - INFO - Req from: admin
1/24/2022, 4:57:33 PM - INFO - Req!!!
1/24/2022, 4:57:33 PM - INFO - Req from: admin
1/24/2022, 4:57:34 PM - INFO - Req!!!
1/24/2022, 4:57:34 PM - INFO - Req from: admin
1/24/2022, 4:57:34 PM - INFO - Req!!!
1/24/2022, 4:57:34 PM - INFO - Req from: admin
1/24/2022, 4:57:34 PM - INFO - Req!!!
1/24/2022, 4:57:34 PM - INFO - Req from: admin
1/24/2022, 4:57:35 PM - INFO - Req!!!
1/24/2022, 4:57:35 PM - INFO - Req from: admin
1/24/2022, 4:57:54 PM - INFO - Req!!!
1/24/2022, 4:57:54 PM - INFO - Req from: admin
1/24/2022, 4:57:54 PM - INFO - Req!!!
1/24/2022, 4:57:54 PM - INFO - Req from: admin
1/24/2022, 4:57:54 PM - INFO - Req!!!
1/24/2022, 4:57:54 PM - INFO - Req from: admin
1/24/2022, 4:58:00 PM - INFO - Req!!!
1/24/2022, 4:58:00 PM - INFO - Req from: admin
1/24/2022, 4:58:01 PM - INFO - Req!!!
1/24/2022, 4:58:01 PM - INFO - Req from: admin
1/24/2022, 4:58:01 PM - INFO - Req!!!
1/24/2022, 4:58:01 PM - INFO - Req from: admin
1/24/2022, 4:58:01 PM - INFO - Req!!!
1/24/2022, 4:58:01 PM - INFO - Req from: admin
1/24/2022, 4:58:34 PM - INFO - Req!!!
1/24/2022, 4:58:34 PM - INFO - Req from: admin
1/24/2022, 4:58:34 PM - INFO - Req!!!
1/24/2022, 4:58:34 PM - INFO - Req from: admin
1/24/2022, 4:58:34 PM - INFO - Req!!!
1/24/2022, 4:58:34 PM - INFO - Req from: admin
1/24/2022, 4:58:36 PM - INFO - Req!!!
1/24/2022, 4:58:36 PM - INFO - Req from: admin
1/24/2022, 4:59:00 PM - INFO - Req!!!
1/24/2022, 4:59:00 PM - INFO - Req from: admin
1/24/2022, 4:59:00 PM - INFO - Req!!!
1/24/2022, 4:59:00 PM - INFO - Req from: admin
1/24/2022, 4:59:00 PM - INFO - Req!!!
1/24/2022, 4:59:00 PM - INFO - Req from: admin
1/24/2022, 4:59:12 PM - INFO - Req!!!
1/24/2022, 4:59:12 PM - INFO - Req from: admin
1/24/2022, 4:59:14 PM - INFO - Req!!!
1/24/2022, 4:59:14 PM - INFO - Req from: admin
1/24/2022, 4:59:59 PM - INFO - Req!!!
1/24/2022, 4:59:59 PM - INFO - Req from: admin
1/24/2022, 4:59:59 PM - INFO - Req!!!
1/24/2022, 4:59:59 PM - INFO - Req from: admin
1/24/2022, 4:59:59 PM - INFO - Req!!!
1/24/2022, 4:59:59 PM - INFO - Req from: admin
1/24/2022, 5:00:12 PM - INFO - Req!!!
1/24/2022, 5:00:12 PM - INFO - Req from: admin
1/24/2022, 5:00:12 PM - INFO - Req!!!
1/24/2022, 5:00:12 PM - INFO - Req from: admin
1/24/2022, 5:00:12 PM - INFO - Req!!!
1/24/2022, 5:00:12 PM - INFO - Req from: admin
1/24/2022, 5:00:23 PM - INFO - Req!!!
1/24/2022, 5:00:23 PM - INFO - Req from: admin
1/24/2022, 5:00:23 PM - INFO - Req!!!
1/24/2022, 5:00:23 PM - INFO - Req from: admin
1/24/2022, 5:00:24 PM - INFO - Req!!!
1/24/2022, 5:00:24 PM - INFO - Req from: admin
1/24/2022, 5:00:24 PM - INFO - Req!!!
1/24/2022, 5:00:24 PM - INFO - Req from: admin
1/24/2022, 5:00:24 PM - INFO - Req!!!
1/24/2022, 5:00:24 PM - INFO - Req from: admin
1/24/2022, 5:00:32 PM - INFO - Req!!!
1/24/2022, 5:00:32 PM - INFO - Req from: admin
1/24/2022, 5:00:32 PM - INFO - Req!!!
1/24/2022, 5:00:32 PM - INFO - Req from: admin
1/24/2022, 5:00:33 PM - INFO - Req!!!
1/24/2022, 5:00:33 PM - INFO - Req from: admin
1/24/2022, 5:01:06 PM - INFO - Req!!!
1/24/2022, 5:01:06 PM - INFO - Req from: admin
1/24/2022, 5:01:06 PM - INFO - Req!!!
1/24/2022, 5:01:06 PM - INFO - Req from: admin
1/24/2022, 5:01:06 PM - INFO - Req!!!
1/24/2022, 5:01:06 PM - INFO - Req from: admin
1/24/2022, 5:01:08 PM - INFO - Req!!!
1/24/2022, 5:01:08 PM - INFO - Req from: admin
1/24/2022, 5:01:11 PM - INFO - Req!!!
1/24/2022, 5:01:11 PM - INFO - Req from: admin
1/24/2022, 5:01:12 PM - INFO - Req!!!
1/24/2022, 5:01:12 PM - INFO - Req from: admin
1/24/2022, 5:01:14 PM - INFO - Req!!!
1/24/2022, 5:01:14 PM - INFO - Req from: admin
1/24/2022, 5:01:14 PM - INFO - Req!!!
1/24/2022, 5:01:14 PM - INFO - Req from: admin
1/24/2022, 5:01:15 PM - INFO - Req!!!
1/24/2022, 5:01:15 PM - INFO - Req from: admin
1/24/2022, 5:01:16 PM - INFO - Req!!!
1/24/2022, 5:01:16 PM - INFO - Req from: admin
1/24/2022, 5:01:20 PM - INFO - Req!!!
1/24/2022, 5:01:20 PM - INFO - Req from: admin
1/24/2022, 5:01:20 PM - INFO - Req!!!
1/24/2022, 5:01:20 PM - INFO - Req from: admin
1/24/2022, 5:01:20 PM - INFO - Req!!!
1/24/2022, 5:01:20 PM - INFO - Req from: admin
1/24/2022, 5:01:27 PM - INFO - Req!!!
1/24/2022, 5:01:27 PM - INFO - Req from: admin
1/24/2022, 5:01:27 PM - INFO - Req!!!
1/24/2022, 5:01:27 PM - INFO - Req from: admin
1/24/2022, 5:01:28 PM - INFO - Req!!!
1/24/2022, 5:01:28 PM - INFO - Req from: admin
1/24/2022, 5:01:29 PM - INFO - Req!!!
1/24/2022, 5:01:29 PM - INFO - Req from: admin
1/24/2022, 5:01:29 PM - INFO - Req!!!
1/24/2022, 5:01:29 PM - INFO - Req from: admin
1/24/2022, 5:01:29 PM - INFO - Req!!!
1/24/2022, 5:01:29 PM - INFO - Req from: admin
1/24/2022, 5:01:30 PM - INFO - Req!!!
1/24/2022, 5:01:30 PM - INFO - Req from: admin
1/24/2022, 5:01:33 PM - INFO - Req!!!
1/24/2022, 5:01:33 PM - INFO - Req from: admin
1/24/2022, 5:01:33 PM - INFO - Req!!!
1/24/2022, 5:01:33 PM - INFO - Req from: admin
1/24/2022, 5:01:33 PM - INFO - Req!!!
1/24/2022, 5:01:33 PM - INFO - Req from: admin
1/24/2022, 5:01:36 PM - INFO - Req!!!
1/24/2022, 5:01:36 PM - INFO - Req from: admin
1/24/2022, 5:01:36 PM - INFO - Req!!!
1/24/2022, 5:01:36 PM - INFO - Req from: admin
1/24/2022, 5:01:37 PM - INFO - Req!!!
1/24/2022, 5:01:37 PM - INFO - Req from: admin
1/24/2022, 5:02:11 PM - INFO - Req!!!
1/24/2022, 5:02:11 PM - INFO - Req from: admin
1/24/2022, 5:02:11 PM - INFO - Req!!!
1/24/2022, 5:02:11 PM - INFO - Req from: admin
1/24/2022, 5:02:11 PM - INFO - Req!!!
1/24/2022, 5:02:11 PM - INFO - Req from: admin
1/24/2022, 5:02:19 PM - INFO - Req!!!
1/24/2022, 5:02:19 PM - INFO - Req from: admin
1/24/2022, 5:02:21 PM - INFO - Req!!!
1/24/2022, 5:02:21 PM - INFO - Req from: admin
1/24/2022, 5:02:25 PM - INFO - Req!!!
1/24/2022, 5:02:25 PM - INFO - Req from: admin
1/24/2022, 5:02:28 PM - INFO - Req!!!
1/24/2022, 5:02:28 PM - INFO - Req from: admin
1/24/2022, 5:02:30 PM - INFO - Req!!!
1/24/2022, 5:02:30 PM - INFO - Req from: admin
1/24/2022, 5:02:32 PM - INFO - Req!!!
1/24/2022, 5:02:32 PM - INFO - Req from: admin
1/24/2022, 5:02:32 PM - INFO - Req!!!
1/24/2022, 5:02:32 PM - INFO - Req from: admin
1/24/2022, 5:02:32 PM - INFO - Req!!!
1/24/2022, 5:02:32 PM - INFO - Req from: admin
1/24/2022, 5:02:34 PM - INFO - Req!!!
1/24/2022, 5:02:34 PM - INFO - Req from: admin
1/24/2022, 5:02:36 PM - INFO - Req!!!
1/24/2022, 5:02:36 PM - INFO - Req from: admin
1/24/2022, 5:02:37 PM - WARN - admin Attempt to perform admin action
1/24/2022, 5:02:37 PM - WARN - admin Attempt to perform admin action
1/24/2022, 5:02:39 PM - INFO - Req!!!
1/24/2022, 5:02:39 PM - INFO - Req from: admin
1/24/2022, 5:02:39 PM - INFO - Req!!!
1/24/2022, 5:02:39 PM - INFO - Req from: admin
1/24/2022, 5:02:40 PM - INFO - Req!!!
1/24/2022, 5:02:40 PM - INFO - Req from: admin
1/24/2022, 5:02:41 PM - WARN - admin Attempt to perform admin action
1/24/2022, 5:02:43 PM - WARN - admin Attempt to perform admin action
1/24/2022, 5:02:43 PM - WARN - admin Attempt to perform admin action
1/24/2022, 5:02:44 PM - WARN - admin Attempt to perform admin action
1/24/2022, 5:02:46 PM - WARN - admin Attempt to perform admin action
1/24/2022, 5:02:46 PM - WARN - admin Attempt to perform admin action
1/24/2022, 5:02:46 PM - WARN - admin Attempt to perform admin action
1/24/2022, 5:02:46 PM - WARN - admin Attempt to perform admin action
1/24/2022, 5:02:47 PM - INFO - Req!!!
1/24/2022, 5:02:47 PM - INFO - Req from: admin
1/24/2022, 5:02:47 PM - INFO - Req!!!
1/24/2022, 5:02:47 PM - INFO - Req from: admin
1/24/2022, 5:02:48 PM - INFO - Req!!!
1/24/2022, 5:02:48 PM - INFO - Req from: admin
1/24/2022, 5:02:50 PM - INFO - Req!!!
1/24/2022, 5:02:50 PM - INFO - Req from: admin
1/24/2022, 5:02:57 PM - INFO - Req!!!
1/24/2022, 5:02:57 PM - INFO - Req from: admin
1/24/2022, 5:03:05 PM - INFO - Req!!!
1/24/2022, 5:03:05 PM - INFO - Req from: admin
1/24/2022, 5:03:31 PM - INFO - Req!!!
1/24/2022, 5:03:31 PM - INFO - Req from: admin
1/24/2022, 5:03:32 PM - WARN - admin Attempt to perform admin action
1/24/2022, 5:03:38 PM - INFO - Req!!!
1/24/2022, 5:03:38 PM - INFO - Req from: admin
1/24/2022, 5:03:40 PM - INFO - Req!!!
1/24/2022, 5:03:40 PM - INFO - Req from: admin
1/24/2022, 5:03:43 PM - INFO - Req!!!
1/24/2022, 5:03:43 PM - INFO - Req from: admin
1/24/2022, 5:03:43 PM - INFO - Req!!!
1/24/2022, 5:03:43 PM - INFO - Req from: admin
1/24/2022, 5:03:44 PM - INFO - Req!!!
1/24/2022, 5:03:44 PM - INFO - Req from: admin
1/24/2022, 5:03:44 PM - INFO - Req!!!
1/24/2022, 5:03:44 PM - INFO - Req from: admin
1/24/2022, 5:03:47 PM - INFO - Req!!!
1/24/2022, 5:03:47 PM - INFO - Req from: admin
1/24/2022, 5:03:49 PM - INFO - Req!!!
1/24/2022, 5:03:49 PM - INFO - Req from: admin
1/24/2022, 5:03:49 PM - INFO - Req!!!
1/24/2022, 5:03:49 PM - INFO - Req from: admin
1/24/2022, 5:03:50 PM - INFO - Req!!!
1/24/2022, 5:03:50 PM - INFO - Req from: admin
1/24/2022, 5:03:53 PM - INFO - Req!!!
1/24/2022, 5:03:53 PM - INFO - Req from: admin
1/24/2022, 5:03:53 PM - INFO - Req!!!
1/24/2022, 5:03:53 PM - INFO - Req from: admin
1/24/2022, 5:03:54 PM - INFO - Req!!!
1/24/2022, 5:03:54 PM - INFO - Req from: admin
1/24/2022, 5:03:55 PM - INFO - Req!!!
1/24/2022, 5:03:55 PM - INFO - Req from: admin
1/24/2022, 5:03:55 PM - INFO - Req!!!
1/24/2022, 5:03:55 PM - INFO - Req from: admin
1/24/2022, 5:04:36 PM - INFO - Req!!!
1/24/2022, 5:04:36 PM - INFO - Req from: admin
1/24/2022, 5:04:36 PM - INFO - Req!!!
1/24/2022, 5:04:36 PM - INFO - Req from: admin
1/24/2022, 5:04:36 PM - INFO - Req!!!
1/24/2022, 5:04:36 PM - INFO - Req from: admin
1/24/2022, 5:05:02 PM - INFO - Req!!!
1/24/2022, 5:05:02 PM - INFO - Req from: admin
1/24/2022, 5:05:02 PM - INFO - Req!!!
1/24/2022, 5:05:02 PM - INFO - Req from: admin
1/24/2022, 5:05:03 PM - INFO - Req!!!
1/24/2022, 5:05:03 PM - INFO - Req from: admin
1/24/2022, 5:05:05 PM - INFO - Req!!!
1/24/2022, 5:05:05 PM - INFO - Req from: admin
1/24/2022, 5:05:06 PM - INFO - Req!!!
1/24/2022, 5:05:06 PM - INFO - Req from: admin
1/24/2022, 5:05:07 PM - INFO - Req!!!
1/24/2022, 5:05:07 PM - INFO - Req from: admin
1/24/2022, 5:05:07 PM - INFO - Req!!!
1/24/2022, 5:05:07 PM - INFO - Req from: admin
1/24/2022, 5:05:42 PM - INFO - Server is running on port: 3030
1/24/2022, 5:05:47 PM - INFO - Server is running on port: 3030
1/24/2022, 5:05:48 PM - INFO - Req!!!
1/24/2022, 5:05:48 PM - INFO - Req!!!
1/24/2022, 5:05:48 PM - INFO - Req!!!
1/24/2022, 5:05:54 PM - DEBUG - auth.service - login with username: admin@admin.com
1/24/2022, 5:05:55 PM - INFO - Req!!!
1/24/2022, 5:05:55 PM - INFO - Req from: admin
1/24/2022, 5:05:55 PM - INFO - Req!!!
1/24/2022, 5:05:55 PM - INFO - Req from: admin
1/24/2022, 5:05:55 PM - INFO - Req!!!
1/24/2022, 5:05:55 PM - INFO - Req from: admin
1/24/2022, 5:06:07 PM - INFO - Req!!!
1/24/2022, 5:06:07 PM - INFO - Req from: admin
1/24/2022, 5:06:07 PM - INFO - Req!!!
1/24/2022, 5:06:07 PM - INFO - Req from: admin
1/24/2022, 5:06:07 PM - INFO - Req!!!
1/24/2022, 5:06:07 PM - INFO - Req from: admin
1/24/2022, 5:06:09 PM - INFO - Req!!!
1/24/2022, 5:06:09 PM - INFO - Req from: admin
1/24/2022, 5:06:12 PM - INFO - Req!!!
1/24/2022, 5:06:12 PM - INFO - Req from: admin
1/24/2022, 5:09:46 PM - INFO - Req!!!
1/24/2022, 5:09:46 PM - INFO - Req from: admin
1/24/2022, 5:09:46 PM - INFO - Req!!!
1/24/2022, 5:09:46 PM - INFO - Req from: admin
1/24/2022, 5:09:46 PM - INFO - Req!!!
1/24/2022, 5:09:46 PM - INFO - Req from: admin
1/24/2022, 5:10:55 PM - INFO - Req!!!
1/24/2022, 5:10:55 PM - INFO - Req from: admin
1/24/2022, 5:10:55 PM - INFO - Req!!!
1/24/2022, 5:10:55 PM - INFO - Req from: admin
1/24/2022, 5:10:56 PM - INFO - Req!!!
1/24/2022, 5:10:56 PM - INFO - Req from: admin
1/24/2022, 5:11:52 PM - INFO - Req!!!
1/24/2022, 5:11:52 PM - INFO - Req from: admin
1/24/2022, 5:11:55 PM - INFO - Req!!!
1/24/2022, 5:11:55 PM - INFO - Req from: admin
1/24/2022, 5:11:56 PM - INFO - Req!!!
1/24/2022, 5:11:56 PM - INFO - Req from: admin
1/24/2022, 5:12:01 PM - INFO - Req!!!
1/24/2022, 5:12:01 PM - INFO - Req from: admin
1/24/2022, 5:12:02 PM - INFO - Req!!!
1/24/2022, 5:12:02 PM - INFO - Req from: admin
1/24/2022, 5:12:02 PM - INFO - Req!!!
1/24/2022, 5:12:02 PM - INFO - Req from: admin
1/24/2022, 5:12:02 PM - INFO - Req!!!
1/24/2022, 5:12:02 PM - INFO - Req from: admin
1/24/2022, 5:14:42 PM - INFO - Req!!!
1/24/2022, 5:14:42 PM - INFO - Req from: admin
1/24/2022, 5:14:42 PM - INFO - Req!!!
1/24/2022, 5:14:42 PM - INFO - Req from: admin
1/24/2022, 5:14:43 PM - INFO - Req!!!
1/24/2022, 5:14:43 PM - INFO - Req from: admin
1/24/2022, 5:14:44 PM - INFO - Req!!!
1/24/2022, 5:14:44 PM - INFO - Req from: admin
1/24/2022, 5:14:47 PM - INFO - Req!!!
1/24/2022, 5:14:47 PM - INFO - Req from: admin
1/24/2022, 5:14:48 PM - INFO - Req!!!
1/24/2022, 5:14:48 PM - INFO - Req from: admin
1/24/2022, 5:14:51 PM - INFO - Req!!!
1/24/2022, 5:14:51 PM - INFO - Req from: admin
1/24/2022, 5:14:52 PM - INFO - Req!!!
1/24/2022, 5:14:52 PM - INFO - Req from: admin
1/24/2022, 5:14:52 PM - INFO - Req!!!
1/24/2022, 5:14:52 PM - INFO - Req from: admin
1/24/2022, 5:14:53 PM - INFO - Req!!!
1/24/2022, 5:14:53 PM - INFO - Req from: admin
1/24/2022, 5:14:54 PM - INFO - Req!!!
1/24/2022, 5:14:54 PM - INFO - Req from: admin
1/24/2022, 5:14:56 PM - INFO - Req!!!
1/24/2022, 5:14:56 PM - INFO - Req from: admin
1/24/2022, 5:14:59 PM - INFO - Req!!!
1/24/2022, 5:14:59 PM - INFO - Req from: admin
1/24/2022, 5:15:06 PM - INFO - Req!!!
1/24/2022, 5:15:06 PM - INFO - Req from: admin
1/24/2022, 5:15:10 PM - INFO - Req!!!
1/24/2022, 5:15:10 PM - INFO - Req from: admin
1/24/2022, 5:15:13 PM - INFO - Req!!!
1/24/2022, 5:15:13 PM - INFO - Req from: admin
1/24/2022, 5:15:13 PM - INFO - Req!!!
1/24/2022, 5:15:13 PM - INFO - Req from: admin
1/24/2022, 5:15:14 PM - INFO - Req!!!
1/24/2022, 5:15:14 PM - INFO - Req from: admin
1/24/2022, 5:15:14 PM - INFO - Req!!!
1/24/2022, 5:15:14 PM - INFO - Req from: admin
1/24/2022, 5:15:15 PM - INFO - Req!!!
1/24/2022, 5:15:15 PM - INFO - Req from: admin
1/24/2022, 5:15:19 PM - INFO - Req!!!
1/24/2022, 5:15:19 PM - INFO - Req from: admin
1/24/2022, 5:15:34 PM - INFO - Req!!!
1/24/2022, 5:15:34 PM - INFO - Req from: admin
1/24/2022, 5:15:34 PM - INFO - Req!!!
1/24/2022, 5:15:34 PM - INFO - Req from: admin
1/24/2022, 5:15:35 PM - INFO - Req!!!
1/24/2022, 5:15:35 PM - INFO - Req from: admin
1/24/2022, 5:15:38 PM - INFO - Req!!!
1/24/2022, 5:15:38 PM - INFO - Req from: admin
1/24/2022, 5:15:43 PM - INFO - Req!!!
1/24/2022, 5:15:43 PM - INFO - Req from: admin
1/24/2022, 5:15:45 PM - INFO - Req!!!
1/24/2022, 5:15:45 PM - INFO - Req from: admin
1/24/2022, 5:15:47 PM - INFO - Req!!!
1/24/2022, 5:15:47 PM - INFO - Req from: admin
1/24/2022, 5:15:49 PM - INFO - Req!!!
1/24/2022, 5:15:49 PM - INFO - Req from: admin
1/24/2022, 5:15:53 PM - INFO - Req!!!
1/24/2022, 5:15:53 PM - INFO - Req from: admin
1/24/2022, 5:15:55 PM - INFO - Req!!!
1/24/2022, 5:15:55 PM - INFO - Req from: admin
1/24/2022, 5:15:57 PM - INFO - Req!!!
1/24/2022, 5:15:57 PM - INFO - Req from: admin
1/24/2022, 5:15:59 PM - INFO - Req!!!
1/24/2022, 5:15:59 PM - INFO - Req from: admin
1/24/2022, 5:16:07 PM - INFO - Req!!!
1/24/2022, 5:16:07 PM - INFO - Req from: admin
1/24/2022, 5:16:32 PM - INFO - Req!!!
1/24/2022, 5:16:32 PM - INFO - Req from: admin
1/24/2022, 5:16:32 PM - INFO - Req!!!
1/24/2022, 5:16:32 PM - INFO - Req from: admin
1/24/2022, 5:16:32 PM - INFO - Req!!!
1/24/2022, 5:16:32 PM - INFO - Req from: admin
1/24/2022, 5:16:37 PM - INFO - Req!!!
1/24/2022, 5:16:37 PM - INFO - Req from: admin
1/24/2022, 5:16:37 PM - INFO - Req!!!
1/24/2022, 5:16:37 PM - INFO - Req from: admin
1/24/2022, 5:16:37 PM - INFO - Req!!!
1/24/2022, 5:16:37 PM - INFO - Req from: admin
1/24/2022, 5:16:40 PM - INFO - Req!!!
1/24/2022, 5:16:40 PM - INFO - Req from: admin
1/24/2022, 5:16:46 PM - INFO - Req!!!
1/24/2022, 5:16:46 PM - INFO - Req from: admin
1/24/2022, 5:16:52 PM - INFO - Req!!!
1/24/2022, 5:16:52 PM - INFO - Req from: admin
1/24/2022, 5:16:59 PM - INFO - Req!!!
1/24/2022, 5:16:59 PM - INFO - Req from: admin
1/24/2022, 5:17:40 PM - INFO - Req!!!
1/24/2022, 5:17:40 PM - INFO - Req from: admin
1/24/2022, 5:17:40 PM - INFO - Req!!!
1/24/2022, 5:17:40 PM - INFO - Req from: admin
1/24/2022, 5:17:40 PM - INFO - Req!!!
1/24/2022, 5:17:40 PM - INFO - Req from: admin
1/24/2022, 5:18:01 PM - INFO - Req!!!
1/24/2022, 5:18:01 PM - INFO - Req from: admin
1/24/2022, 5:18:01 PM - INFO - Req!!!
1/24/2022, 5:18:01 PM - INFO - Req from: admin
1/24/2022, 5:18:02 PM - INFO - Req!!!
1/24/2022, 5:18:02 PM - INFO - Req from: admin
1/24/2022, 5:18:04 PM - INFO - Req!!!
1/24/2022, 5:18:04 PM - INFO - Req from: admin
1/24/2022, 5:18:09 PM - INFO - Req!!!
1/24/2022, 5:18:09 PM - INFO - Req from: admin
1/24/2022, 5:18:15 PM - INFO - Req!!!
1/24/2022, 5:18:15 PM - INFO - Req from: admin
1/24/2022, 5:18:15 PM - INFO - Req!!!
1/24/2022, 5:18:15 PM - INFO - Req from: admin
1/24/2022, 5:18:15 PM - INFO - Req!!!
1/24/2022, 5:18:15 PM - INFO - Req from: admin
1/24/2022, 5:18:16 PM - INFO - Req!!!
1/24/2022, 5:18:16 PM - INFO - Req from: admin
1/24/2022, 5:18:22 PM - INFO - Req!!!
1/24/2022, 5:18:22 PM - INFO - Req from: admin
1/24/2022, 5:18:31 PM - INFO - Req!!!
1/24/2022, 5:18:31 PM - INFO - Req from: admin
1/24/2022, 5:18:31 PM - INFO - Req!!!
1/24/2022, 5:18:31 PM - INFO - Req from: admin
1/24/2022, 5:18:32 PM - INFO - Req!!!
1/24/2022, 5:18:32 PM - INFO - Req from: admin
1/24/2022, 5:18:38 PM - INFO - Req!!!
1/24/2022, 5:18:38 PM - INFO - Req from: admin
1/24/2022, 5:18:38 PM - INFO - Req!!!
1/24/2022, 5:18:38 PM - INFO - Req from: admin
1/24/2022, 5:18:38 PM - INFO - Req!!!
1/24/2022, 5:18:38 PM - INFO - Req from: admin
1/24/2022, 5:18:43 PM - INFO - Req!!!
1/24/2022, 5:18:43 PM - INFO - Req from: admin
1/24/2022, 5:18:43 PM - INFO - Req!!!
1/24/2022, 5:18:43 PM - INFO - Req from: admin
1/24/2022, 5:18:43 PM - INFO - Req!!!
1/24/2022, 5:18:43 PM - INFO - Req from: admin
1/24/2022, 5:18:47 PM - INFO - Req!!!
1/24/2022, 5:18:47 PM - INFO - Req from: admin
1/24/2022, 5:18:47 PM - INFO - Req!!!
1/24/2022, 5:18:47 PM - INFO - Req from: admin
1/24/2022, 5:18:48 PM - INFO - Req!!!
1/24/2022, 5:18:48 PM - INFO - Req from: admin
1/24/2022, 5:18:49 PM - INFO - Req!!!
1/24/2022, 5:18:49 PM - INFO - Req from: admin
1/24/2022, 5:18:54 PM - INFO - Req!!!
1/24/2022, 5:18:54 PM - INFO - Req from: admin
1/24/2022, 5:18:55 PM - INFO - Req!!!
1/24/2022, 5:18:55 PM - INFO - Req from: admin
1/24/2022, 5:18:56 PM - INFO - Req!!!
1/24/2022, 5:18:56 PM - INFO - Req from: admin
1/24/2022, 5:18:56 PM - INFO - Req!!!
1/24/2022, 5:18:56 PM - INFO - Req from: admin
1/24/2022, 5:18:56 PM - INFO - Req!!!
1/24/2022, 5:18:56 PM - INFO - Req from: admin
1/24/2022, 5:19:02 PM - INFO - Req!!!
1/24/2022, 5:19:02 PM - INFO - Req from: admin
1/24/2022, 5:20:02 PM - INFO - Server is running on port: 3030
1/24/2022, 5:20:14 PM - INFO - Req!!!
1/24/2022, 5:20:14 PM - INFO - Req!!!
1/24/2022, 5:20:15 PM - INFO - Req!!!
1/24/2022, 5:20:16 PM - INFO - Req!!!
1/24/2022, 5:20:25 PM - DEBUG - auth.service - login with username: admin@admin.com
1/24/2022, 5:20:25 PM - INFO - Req!!!
1/24/2022, 5:20:25 PM - INFO - Req from: admin
1/24/2022, 5:20:25 PM - INFO - Req!!!
1/24/2022, 5:20:25 PM - INFO - Req from: admin
1/24/2022, 5:20:26 PM - INFO - Req!!!
1/24/2022, 5:20:26 PM - INFO - Req from: admin
1/24/2022, 5:20:34 PM - INFO - Req!!!
1/24/2022, 5:20:34 PM - INFO - Req from: admin
1/24/2022, 5:20:40 PM - INFO - Req!!!
1/24/2022, 5:20:40 PM - INFO - Req from: admin
1/24/2022, 5:20:45 PM - INFO - Req!!!
1/24/2022, 5:20:45 PM - INFO - Req from: admin
1/24/2022, 5:20:47 PM - INFO - Req!!!
1/24/2022, 5:20:47 PM - INFO - Req from: admin
1/24/2022, 5:20:50 PM - INFO - Req!!!
1/24/2022, 5:20:50 PM - INFO - Req from: admin
1/24/2022, 5:20:54 PM - INFO - Req!!!
1/24/2022, 5:20:54 PM - INFO - Req from: admin
1/24/2022, 5:20:56 PM - INFO - Req!!!
1/24/2022, 5:20:56 PM - INFO - Req from: admin
1/24/2022, 5:20:58 PM - INFO - Req!!!
1/24/2022, 5:20:58 PM - INFO - Req from: admin
1/24/2022, 5:21:00 PM - INFO - Req!!!
1/24/2022, 5:21:00 PM - INFO - Req from: admin
1/24/2022, 5:21:00 PM - INFO - Req!!!
1/24/2022, 5:21:00 PM - INFO - Req from: admin
1/24/2022, 5:21:00 PM - INFO - Req!!!
1/24/2022, 5:21:00 PM - INFO - Req from: admin
2/2/2022, 1:27:24 PM - INFO - Server is running on port: 3030
2/2/2022, 1:27:29 PM - INFO - Req!!!
2/2/2022, 1:27:29 PM - INFO - Req!!!
2/2/2022, 1:27:29 PM - INFO - Req!!!
2/2/2022, 1:27:34 PM - INFO - Req!!!
2/2/2022, 1:27:34 PM - INFO - Req!!!
2/2/2022, 1:27:35 PM - INFO - Req!!!
2.5.2022, 16:52:06 - INFO - Server is running on port: 3030
2.5.2022, 17:28:09 - INFO - Server is running on port: 3030
2.5.2022, 17:28:46 - INFO - Req!!!
2.5.2022, 17:29:45 - INFO - Server is running on port: 3030
2.5.2022, 17:29:53 - INFO - Req!!!
2.5.2022, 17:29:53 - INFO - Req!!!
2.5.2022, 17:31:32 - INFO - Server is running on port: 3030
2.5.2022, 17:31:51 - INFO - Req!!!
2.5.2022, 17:33:20 - INFO - Server is running on port: 3030
2.5.2022, 17:33:46 - INFO - Server is running on port: 3030
2.5.2022, 17:33:59 - INFO - Req!!!
2.5.2022, 17:39:30 - INFO - Req!!!
2.5.2022, 17:40:59 - INFO - Req!!!
2.5.2022, 17:41:01 - INFO - Req!!!
2.5.2022, 17:41:32 - INFO - Req!!!
2.5.2022, 17:42:26 - INFO - Req!!!
2.5.2022, 17:42:26 - INFO - Req!!!
2.5.2022, 17:42:27 - INFO - Req!!!
2.5.2022, 17:42:37 - INFO - Req!!!
2.5.2022, 17:42:38 - INFO - Req!!!
2.5.2022, 17:43:04 - INFO - Req!!!
2.5.2022, 17:43:13 - INFO - Req!!!
2.5.2022, 17:43:23 - INFO - Req!!!
2.5.2022, 17:43:25 - INFO - Req!!!
2.5.2022, 17:43:28 - INFO - Req!!!
2.5.2022, 17:43:30 - INFO - Req!!!
2.5.2022, 17:46:54 - INFO - Req!!!
2.5.2022, 17:47:26 - INFO - Req!!!
2.5.2022, 17:47:44 - INFO - Req!!!
2.5.2022, 17:48:46 - INFO - Req!!!
2.5.2022, 17:48:50 - INFO - Req!!!
2.5.2022, 17:50:04 - INFO - Req!!!
2.5.2022, 17:50:31 - INFO - Req!!!
2.5.2022, 17:50:37 - INFO - Req!!!
2.5.2022, 17:50:41 - INFO - Req!!!
2.5.2022, 17:50:45 - INFO - Req!!!
2.5.2022, 17:51:08 - INFO - Req!!!
2.5.2022, 17:51:27 - INFO - Req!!!
2.5.2022, 17:52:04 - INFO - Req!!!
2.5.2022, 17:52:08 - INFO - Req!!!
2.5.2022, 17:52:10 - INFO - Req!!!
2.5.2022, 17:52:11 - INFO - Req!!!
2.5.2022, 17:52:13 - INFO - Req!!!
2.5.2022, 17:52:16 - INFO - Req!!!
2.5.2022, 17:52:17 - INFO - Req!!!
2.5.2022, 17:52:18 - INFO - Req!!!
2.5.2022, 17:52:20 - INFO - Req!!!
2.5.2022, 17:52:22 - INFO - Req!!!
2.5.2022, 17:52:23 - INFO - Req!!!
2.5.2022, 17:52:23 - INFO - Req!!!
2.5.2022, 17:52:24 - INFO - Req!!!
2.5.2022, 17:52:25 - INFO - Req!!!
2.5.2022, 17:52:26 - INFO - Req!!!
2.5.2022, 17:52:27 - INFO - Req!!!
2.5.2022, 17:52:28 - INFO - Req!!!
2.5.2022, 17:52:30 - INFO - Req!!!
2.5.2022, 17:52:53 - INFO - Req!!!
2.5.2022, 17:52:55 - INFO - Req!!!
2.5.2022, 17:53:24 - INFO - Req!!!
2.5.2022, 17:53:27 - INFO - Req!!!
2.5.2022, 17:53:29 - INFO - Req!!!
2.5.2022, 17:53:33 - INFO - Req!!!
2.5.2022, 17:53:33 - INFO - Req!!!
2.5.2022, 17:53:34 - INFO - Req!!!
2.5.2022, 17:53:36 - INFO - Req!!!
2.5.2022, 17:53:37 - INFO - Req!!!
2.5.2022, 17:53:39 - INFO - Req!!!
2.5.2022, 17:54:28 - INFO - Server is running on port: 3030
2.5.2022, 17:54:34 - INFO - Server is running on port: 3030
2.5.2022, 17:54:39 - INFO - Req!!!
2.5.2022, 17:55:04 - INFO - Server is running on port: 3030
2.5.2022, 17:55:06 - INFO - Req!!!
2.5.2022, 17:57:31 - INFO - Req!!!
2.5.2022, 17:57:36 - INFO - Req!!!
2.5.2022, 17:57:43 - INFO - Req!!!
2.5.2022, 17:57:45 - INFO - Req!!!
2.5.2022, 17:57:47 - INFO - Req!!!
2.5.2022, 17:57:48 - INFO - Req!!!
2.5.2022, 17:57:50 - INFO - Req!!!
2.5.2022, 17:57:51 - INFO - Req!!!
2.5.2022, 17:57:55 - INFO - Req!!!
2.5.2022, 17:57:56 - INFO - Req!!!
2.5.2022, 17:57:57 - INFO - Req!!!
2.5.2022, 17:57:58 - INFO - Req!!!
2.5.2022, 17:58:02 - INFO - Req!!!
2.5.2022, 17:58:07 - INFO - Req!!!
2.5.2022, 17:58:28 - INFO - Req!!!
2.5.2022, 18:00:08 - INFO - Req!!!
2.5.2022, 18:00:16 - INFO - Req!!!
2.5.2022, 18:00:17 - INFO - Req!!!
2.5.2022, 18:00:19 - INFO - Req!!!
2.5.2022, 18:00:20 - INFO - Req!!!
2.5.2022, 18:00:21 - INFO - Req!!!
2.5.2022, 18:00:56 - INFO - Req!!!
2.5.2022, 18:00:57 - INFO - Req!!!
2.5.2022, 18:00:58 - INFO - Req!!!
2.5.2022, 18:01:12 - INFO - Req!!!
2.5.2022, 18:01:13 - INFO - Req!!!
2.5.2022, 18:01:15 - INFO - Req!!!
2.5.2022, 18:01:16 - INFO - Req!!!
2.5.2022, 18:01:16 - INFO - Req!!!
2.5.2022, 18:01:17 - INFO - Req!!!
2.5.2022, 18:01:31 - INFO - Req!!!
2.5.2022, 18:01:33 - INFO - Req!!!
2.5.2022, 18:01:37 - INFO - Req!!!
2.5.2022, 18:01:39 - INFO - Req!!!
2.5.2022, 18:01:52 - INFO - Req!!!
2.5.2022, 18:02:40 - INFO - Req!!!
2.5.2022, 18:02:42 - INFO - Req!!!
2.5.2022, 18:02:45 - INFO - Req!!!
2.5.2022, 18:02:47 - INFO - Req!!!
2.5.2022, 18:02:47 - INFO - Req!!!
2.5.2022, 18:02:48 - INFO - Req!!!
2.5.2022, 18:02:49 - INFO - Req!!!
2.5.2022, 18:02:50 - INFO - Req!!!
2.5.2022, 18:02:54 - INFO - Req!!!
2.5.2022, 18:02:55 - INFO - Req!!!
2.5.2022, 18:02:56 - INFO - Req!!!
2.5.2022, 18:03:00 - INFO - Req!!!
2.5.2022, 18:03:03 - INFO - Req!!!
2.5.2022, 18:03:04 - INFO - Req!!!
2.5.2022, 18:03:05 - INFO - Req!!!
2.5.2022, 18:03:07 - INFO - Req!!!
2.5.2022, 18:03:08 - INFO - Req!!!
2.5.2022, 18:03:10 - INFO - Req!!!
2.5.2022, 18:03:12 - INFO - Req!!!
2.5.2022, 18:03:20 - INFO - Req!!!
2.5.2022, 18:11:28 - INFO - Server is running on port: 3030
2.5.2022, 18:11:36 - INFO - Req!!!
2.5.2022, 18:11:38 - INFO - Req!!!
2.5.2022, 18:11:41 - INFO - Req!!!
2.5.2022, 18:11:43 - INFO - Req!!!
2.5.2022, 18:11:44 - INFO - Req!!!
2.5.2022, 18:11:46 - INFO - Req!!!
2.5.2022, 18:12:04 - INFO - Server is running on port: 3030
2.5.2022, 18:12:11 - INFO - Req!!!
2.5.2022, 18:12:51 - INFO - Server is running on port: 3030
2.5.2022, 18:13:22 - INFO - Server is running on port: 3030
2.5.2022, 18:13:28 - INFO - Req!!!
2.5.2022, 18:13:37 - INFO - Req!!!
2.5.2022, 18:13:42 - INFO - Server is running on port: 3030
2.5.2022, 18:13:44 - INFO - Server is running on port: 3030
2.5.2022, 18:13:49 - INFO - Req!!!
2.5.2022, 18:14:02 - INFO - Server is running on port: 3030
2.5.2022, 18:14:04 - INFO - Req!!!
2.5.2022, 18:14:12 - INFO - Server is running on port: 3030
2.5.2022, 18:14:28 - INFO - Server is running on port: 3030
2.5.2022, 18:17:03 - INFO - Req!!!
2.5.2022, 18:17:45 - INFO - Req!!!
2.5.2022, 18:17:47 - INFO - Req!!!
2.5.2022, 18:17:48 - INFO - Req!!!
2.5.2022, 18:17:49 - INFO - Req!!!
2.5.2022, 18:17:50 - INFO - Req!!!
2.5.2022, 18:17:51 - INFO - Req!!!
2.5.2022, 18:17:52 - INFO - Req!!!
2.5.2022, 18:17:53 - INFO - Req!!!
2.5.2022, 18:17:54 - INFO - Req!!!
2.5.2022, 18:17:55 - INFO - Req!!!
2.5.2022, 18:17:56 - INFO - Req!!!
2.5.2022, 18:17:57 - INFO - Req!!!
2.5.2022, 18:18:13 - INFO - Req!!!
2.5.2022, 18:18:15 - INFO - Req!!!
2.5.2022, 18:18:16 - INFO - Req!!!
2.5.2022, 18:18:17 - INFO - Req!!!
2.5.2022, 18:18:20 - INFO - Req!!!
2.5.2022, 18:18:21 - INFO - Req!!!
2.5.2022, 18:18:23 - INFO - Req!!!
2.5.2022, 18:18:24 - INFO - Req!!!
2.5.2022, 18:18:25 - INFO - Req!!!
2.5.2022, 18:18:26 - INFO - Req!!!
2.5.2022, 18:18:27 - INFO - Req!!!
2.5.2022, 18:18:28 - INFO - Req!!!
2.5.2022, 18:18:29 - INFO - Req!!!
2.5.2022, 18:18:30 - INFO - Req!!!
2.5.2022, 18:18:30 - INFO - Req!!!
2.5.2022, 18:18:31 - INFO - Req!!!
2.5.2022, 18:18:32 - INFO - Req!!!
2.5.2022, 18:18:33 - INFO - Req!!!
2.5.2022, 18:18:34 - INFO - Req!!!
2.5.2022, 18:18:34 - INFO - Req!!!
2.5.2022, 18:19:08 - INFO - Req!!!
2.5.2022, 18:19:10 - INFO - Req!!!
2.5.2022, 18:19:11 - INFO - Req!!!
2.5.2022, 18:19:12 - INFO - Req!!!
2.5.2022, 18:19:13 - INFO - Req!!!
2.5.2022, 18:19:13 - INFO - Req!!!
2.5.2022, 18:19:25 - INFO - Req!!!
2.5.2022, 18:19:33 - INFO - Req!!!
2.5.2022, 18:19:35 - INFO - Req!!!
2.5.2022, 18:19:58 - INFO - Server is running on port: 3030
2.5.2022, 18:20:07 - INFO - Req!!!
2.5.2022, 18:20:11 - INFO - Req!!!
2.5.2022, 18:20:59 - INFO - Req!!!
2.5.2022, 18:21:03 - INFO - Req!!!
2.5.2022, 18:23:53 - INFO - Req!!!
2.5.2022, 18:24:04 - INFO - Req!!!
2.5.2022, 18:24:45 - INFO - Req!!!
2.5.2022, 18:24:49 - INFO - Req!!!
2.5.2022, 18:26:17 - INFO - Req!!!
2.5.2022, 18:26:22 - INFO - Req!!!
2.5.2022, 18:28:10 - INFO - Req!!!
2.5.2022, 18:28:11 - INFO - Req!!!
2.5.2022, 18:28:15 - INFO - Req!!!
2.5.2022, 18:28:20 - INFO - Req!!!
2.5.2022, 18:28:21 - INFO - Req!!!
2.5.2022, 18:28:23 - INFO - Req!!!
2.5.2022, 18:28:53 - INFO - Server is running on port: 3030
2.5.2022, 18:28:58 - INFO - Req!!!
2.5.2022, 18:29:02 - INFO - Req!!!
2.5.2022, 18:29:08 - INFO - Req!!!
2.5.2022, 18:29:21 - INFO - Req!!!
2.5.2022, 18:29:34 - INFO - Req!!!
2.5.2022, 18:29:47 - INFO - Req!!!
